2024-06-30 17:16:21,346 DEBUG [RMI TCP Connection(2)-127.0.0.1] rmi: connectionId=rmi://127.0.0.1  1, name=org.springframework.boot:type=Admin,name=SpringApplication, attribute=Ready
2024-06-30 17:16:21,440 INFO  [restartedMain] DbManagerApplication: Starting DbManagerApplication using Java 17.0.11 on Karthik with PID 15460 (C:\Users\karth\OneDrive\Desktop\workspace\dbManager\target\classes started by karth in C:\Users\karth\OneDrive\Desktop\workspace\dbManager)
2024-06-30 17:16:21,440 DEBUG [restartedMain] DbManagerApplication: Running with Spring Boot v2.6.1, Spring v5.3.13
2024-06-30 17:16:21,441 INFO  [restartedMain] DbManagerApplication: No active profile set, falling back to default profiles: default
2024-06-30 17:16:21,850 DEBUG [RMI TCP Connection(2)-127.0.0.1] rmi: connectionId=rmi://127.0.0.1  1, name=org.springframework.boot:type=Admin,name=SpringApplication, attribute=Ready
2024-06-30 17:16:22,405 DEBUG [RMI TCP Connection(2)-127.0.0.1] rmi: connectionId=rmi://127.0.0.1  1, name=org.springframework.boot:type=Admin,name=SpringApplication, attribute=Ready
2024-06-30 17:16:22,770 DEBUG [restartedMain] Mappings: 
	c.m.d.r.DataController:
	{GET [/migration/hi]}: hi()
2024-06-30 17:16:22,773 DEBUG [restartedMain] Mappings: 
	o.s.b.a.w.s.e.BasicErrorController:
	{ [/error]}: error(HttpServletRequest)
	{ [/error], produces [text/html]}: errorHtml(HttpServletRequest,HttpServletResponse)
2024-06-30 17:16:22,790 DEBUG [restartedMain] Mappings: 'beanNameHandlerMapping' {}
2024-06-30 17:16:22,801 DEBUG [restartedMain] Mappings: 'resourceHandlerMapping' {/webjars/**=ResourceHttpRequestHandler [classpath [META-INF/resources/webjars/]], /**=ResourceHttpRequestHandler [classpath [META-INF/resources/], classpath [resources/], classpath [static/], classpath [public/], ServletContext [/]]}
2024-06-30 17:16:22,908 DEBUG [RMI TCP Connection(2)-127.0.0.1] rmi: connectionId=rmi://127.0.0.1  1, name=org.springframework.boot:type=Admin,name=SpringApplication, attribute=Ready
2024-06-30 17:16:22,932 INFO  [restartedMain] DbManagerApplication: Started DbManagerApplication in 2.003 seconds (JVM running for 2.721)
2024-06-30 17:16:23,465 DEBUG [RMI TCP Connection(2)-127.0.0.1] rmi: connectionId=rmi://127.0.0.1  1, name=org.springframework.boot:type=Admin,name=SpringApplication, attribute=Ready
2024-06-30 17:16:58,285 INFO  [http-nio-8888-exec-2] DataController: GET /hi called
2024-06-30 17:17:20,798 DEBUG [RMI TCP Connection(3)-127.0.0.1] rmi: connectionId=rmi://127.0.0.1  1
2024-06-30 17:18:20,810 DEBUG [RMI TCP Connection(5)-127.0.0.1] rmi: connectionId=rmi://127.0.0.1  1
2024-06-30 17:19:20,824 DEBUG [RMI TCP Connection(6)-127.0.0.1] rmi: connectionId=rmi://127.0.0.1  1
2024-06-30 17:41:12,460 INFO  [restartedMain] DbManagerApplication: Starting DbManagerApplication using Java 17.0.11 on Karthik with PID 1980 (C:\Users\karth\OneDrive\Desktop\workspace\dbManager\target\classes started by karth in C:\Users\karth\OneDrive\Desktop\workspace\dbManager)
2024-06-30 17:41:12,461 DEBUG [restartedMain] DbManagerApplication: Running with Spring Boot v2.6.1, Spring v5.3.13
2024-06-30 17:41:12,462 INFO  [restartedMain] DbManagerApplication: No active profile set, falling back to default profiles: default
2024-06-30 17:41:12,844 DEBUG [RMI TCP Connection(2)-127.0.0.1] rmi: connectionId=rmi://127.0.0.1  1, name=org.springframework.boot:type=Admin,name=SpringApplication, attribute=Ready
2024-06-30 17:41:13,348 DEBUG [RMI TCP Connection(2)-127.0.0.1] rmi: connectionId=rmi://127.0.0.1  1, name=org.springframework.boot:type=Admin,name=SpringApplication, attribute=Ready
2024-06-30 17:41:13,484 DEBUG [restartedMain] security: X509Certificate: Alg:SHA384withRSA, Serial:59b1b579e8e2132e23907bda777755c, Subject:CN=DigiCert Trusted Root G4, OU=www.digicert.com, O=DigiCert Inc, C=US, Issuer:CN=DigiCert Trusted Root G4, OU=www.digicert.com, O=DigiCert Inc, C=US, Key type:RSA, Length:4096, Cert Id:1057369358, Valid from:01/08/13, 5:30 pm, Valid until:15/01/38, 5:30 pm
2024-06-30 17:41:13,485 DEBUG [restartedMain] security: X509Certificate: Alg:SHA384withRSA, Serial:8ad40b260d29c4c9f5ecda9bd93aed9, Subject:CN=DigiCert Trusted G4 Code Signing RSA4096 SHA384 2021 CA1, O="DigiCert, Inc.", C=US, Issuer:CN=DigiCert Trusted Root G4, OU=www.digicert.com, O=DigiCert Inc, C=US, Key type:RSA, Length:4096, Cert Id:-888920455, Valid from:29/04/21, 5:30 am, Valid until:29/04/36, 5:29 am
2024-06-30 17:41:13,486 DEBUG [restartedMain] security: X509Certificate: Alg:SHA256withRSA, Serial:df7a7c90906301ad2f0c24d3377187b, Subject:EMAILADDRESS=webmaster@eclipse.org, CN="Eclipse.org Foundation, Inc.", OU=IT, O="Eclipse.org Foundation, Inc.", L=Ottawa, ST=Ontario, C=CA, Issuer:CN=DigiCert Trusted G4 Code Signing RSA4096 SHA384 2021 CA1, O="DigiCert, Inc.", C=US, Key type:RSA, Length:4096, Cert Id:444017987, Valid from:02/05/22, 5:30 am, Valid until:22/05/24, 5:29 am
2024-06-30 17:41:13,487 DEBUG [restartedMain] security: X509Certificate: Alg:SHA256withRSA, Serial:7b05b1d449685144f7c989d29c199d12, Subject:CN=Symantec SHA256 TimeStamping CA, OU=Symantec Trust Network, O=Symantec Corporation, C=US, Issuer:CN=VeriSign Universal Root Certification Authority, OU="(c) 2008 VeriSign, Inc. - For authorized use only", OU=VeriSign Trust Network, O="VeriSign, Inc.", C=US, Key type:RSA, Length:2048, Cert Id:679469769, Valid from:12/01/16, 5:30 am, Valid until:12/01/31, 5:29 am
2024-06-30 17:41:13,488 DEBUG [restartedMain] security: X509Certificate: Alg:SHA256withRSA, Serial:7bd4e5afbacc073fa101230422414d12, Subject:CN=Symantec SHA256 TimeStamping Signer - G3, OU=Symantec Trust Network, O=Symantec Corporation, C=US, Issuer:CN=Symantec SHA256 TimeStamping CA, OU=Symantec Trust Network, O=Symantec Corporation, C=US, Key type:RSA, Length:2048, Cert Id:-1917605033, Valid from:23/12/17, 5:30 am, Valid until:23/03/29, 5:29 am
2024-06-30 17:41:13,842 DEBUG [restartedMain] Mappings: 
	c.m.d.r.DataMigration:
	{GET [/migration/hi]}: hi()
2024-06-30 17:41:13,846 DEBUG [restartedMain] Mappings: 
	o.s.b.a.w.s.e.BasicErrorController:
	{ [/error]}: error(HttpServletRequest)
	{ [/error], produces [text/html]}: errorHtml(HttpServletRequest,HttpServletResponse)
2024-06-30 17:41:13,850 DEBUG [RMI TCP Connection(2)-127.0.0.1] rmi: connectionId=rmi://127.0.0.1  1, name=org.springframework.boot:type=Admin,name=SpringApplication, attribute=Ready
2024-06-30 17:41:13,862 DEBUG [restartedMain] Mappings: 'beanNameHandlerMapping' {}
2024-06-30 17:41:13,875 DEBUG [restartedMain] Mappings: 'resourceHandlerMapping' {/webjars/**=ResourceHttpRequestHandler [classpath [META-INF/resources/webjars/]], /**=ResourceHttpRequestHandler [classpath [META-INF/resources/], classpath [resources/], classpath [static/], classpath [public/], ServletContext [/]]}
2024-06-30 17:41:14,018 INFO  [restartedMain] DbManagerApplication: Started DbManagerApplication in 2.084 seconds (JVM running for 3.279)
2024-06-30 17:41:14,355 DEBUG [RMI TCP Connection(2)-127.0.0.1] rmi: connectionId=rmi://127.0.0.1  1, name=org.springframework.boot:type=Admin,name=SpringApplication, attribute=Ready
2024-06-30 17:41:18,910 INFO  [http-nio-8888-exec-2] DataMigration: GET /hi called
2024-06-30 17:41:44,090 INFO  [http-nio-8888-exec-2] MysqlOperations: entered getSourceListByQuery
2024-06-30 17:41:45,750 INFO  [http-nio-8888-exec-2] MysqlOperations: sourceQuery ::select * from pacs_details
2024-06-30 17:41:55,766 WARN  [http-nio-8888-exec-2] HikariConfig: HikariPool-1 - idleTimeout has been set but has no effect because the pool is operating as a fixed size pool.
2024-06-30 17:42:11,830 DEBUG [RMI TCP Connection(3)-127.0.0.1] rmi: connectionId=rmi://127.0.0.1  1
2024-06-30 17:42:13,238 WARN  [http-nio-8888-exec-2] HikariConfig: HikariPool-2 - idleTimeout has been set but has no effect because the pool is operating as a fixed size pool.
2024-06-30 17:42:13,364 INFO  [http-nio-8888-exec-2] MysqlProperties: entered sourceConnection
2024-06-30 17:43:11,844 DEBUG [RMI TCP Connection(4)-127.0.0.1] rmi: connectionId=rmi://127.0.0.1  1
2024-06-30 17:44:11,856 DEBUG [RMI TCP Connection(5)-127.0.0.1] rmi: connectionId=rmi://127.0.0.1  1
2024-06-30 17:46:34,031 DEBUG [RMI TCP Connection(2)-127.0.0.1] rmi: connectionId=rmi://127.0.0.1  1, name=org.springframework.boot:type=Admin,name=SpringApplication, attribute=Ready
2024-06-30 17:46:34,045 INFO  [restartedMain] DbManagerApplication: Starting DbManagerApplication using Java 17.0.11 on Karthik with PID 17988 (C:\Users\karth\OneDrive\Desktop\workspace\dbManager\target\classes started by karth in C:\Users\karth\OneDrive\Desktop\workspace\dbManager)
2024-06-30 17:46:34,046 DEBUG [restartedMain] DbManagerApplication: Running with Spring Boot v2.6.1, Spring v5.3.13
2024-06-30 17:46:34,046 INFO  [restartedMain] DbManagerApplication: No active profile set, falling back to default profiles: default
2024-06-30 17:46:34,536 DEBUG [RMI TCP Connection(2)-127.0.0.1] rmi: connectionId=rmi://127.0.0.1  1, name=org.springframework.boot:type=Admin,name=SpringApplication, attribute=Ready
2024-06-30 17:46:35,040 DEBUG [RMI TCP Connection(2)-127.0.0.1] rmi: connectionId=rmi://127.0.0.1  1, name=org.springframework.boot:type=Admin,name=SpringApplication, attribute=Ready
2024-06-30 17:46:35,161 DEBUG [restartedMain] security: X509Certificate: Alg:SHA384withRSA, Serial:59b1b579e8e2132e23907bda777755c, Subject:CN=DigiCert Trusted Root G4, OU=www.digicert.com, O=DigiCert Inc, C=US, Issuer:CN=DigiCert Trusted Root G4, OU=www.digicert.com, O=DigiCert Inc, C=US, Key type:RSA, Length:4096, Cert Id:1057369358, Valid from:01/08/13, 5:30 pm, Valid until:15/01/38, 5:30 pm
2024-06-30 17:46:35,163 DEBUG [restartedMain] security: X509Certificate: Alg:SHA384withRSA, Serial:8ad40b260d29c4c9f5ecda9bd93aed9, Subject:CN=DigiCert Trusted G4 Code Signing RSA4096 SHA384 2021 CA1, O="DigiCert, Inc.", C=US, Issuer:CN=DigiCert Trusted Root G4, OU=www.digicert.com, O=DigiCert Inc, C=US, Key type:RSA, Length:4096, Cert Id:-888920455, Valid from:29/04/21, 5:30 am, Valid until:29/04/36, 5:29 am
2024-06-30 17:46:35,166 DEBUG [restartedMain] security: X509Certificate: Alg:SHA256withRSA, Serial:df7a7c90906301ad2f0c24d3377187b, Subject:EMAILADDRESS=webmaster@eclipse.org, CN="Eclipse.org Foundation, Inc.", OU=IT, O="Eclipse.org Foundation, Inc.", L=Ottawa, ST=Ontario, C=CA, Issuer:CN=DigiCert Trusted G4 Code Signing RSA4096 SHA384 2021 CA1, O="DigiCert, Inc.", C=US, Key type:RSA, Length:4096, Cert Id:444017987, Valid from:02/05/22, 5:30 am, Valid until:22/05/24, 5:29 am
2024-06-30 17:46:35,172 DEBUG [restartedMain] security: X509Certificate: Alg:SHA256withRSA, Serial:7b05b1d449685144f7c989d29c199d12, Subject:CN=Symantec SHA256 TimeStamping CA, OU=Symantec Trust Network, O=Symantec Corporation, C=US, Issuer:CN=VeriSign Universal Root Certification Authority, OU="(c) 2008 VeriSign, Inc. - For authorized use only", OU=VeriSign Trust Network, O="VeriSign, Inc.", C=US, Key type:RSA, Length:2048, Cert Id:679469769, Valid from:12/01/16, 5:30 am, Valid until:12/01/31, 5:29 am
2024-06-30 17:46:35,176 DEBUG [restartedMain] security: X509Certificate: Alg:SHA256withRSA, Serial:7bd4e5afbacc073fa101230422414d12, Subject:CN=Symantec SHA256 TimeStamping Signer - G3, OU=Symantec Trust Network, O=Symantec Corporation, C=US, Issuer:CN=Symantec SHA256 TimeStamping CA, OU=Symantec Trust Network, O=Symantec Corporation, C=US, Key type:RSA, Length:2048, Cert Id:-1917605033, Valid from:23/12/17, 5:30 am, Valid until:23/03/29, 5:29 am
2024-06-30 17:46:35,543 DEBUG [RMI TCP Connection(2)-127.0.0.1] rmi: connectionId=rmi://127.0.0.1  1, name=org.springframework.boot:type=Admin,name=SpringApplication, attribute=Ready
2024-06-30 17:46:35,620 DEBUG [restartedMain] Mappings: 
	c.m.d.r.DataMigration:
	{GET [/migration/hi]}: hi()
2024-06-30 17:46:35,624 DEBUG [restartedMain] Mappings: 
	o.s.b.a.w.s.e.BasicErrorController:
	{ [/error]}: error(HttpServletRequest)
	{ [/error], produces [text/html]}: errorHtml(HttpServletRequest,HttpServletResponse)
2024-06-30 17:46:35,641 DEBUG [restartedMain] Mappings: 'beanNameHandlerMapping' {}
2024-06-30 17:46:35,655 DEBUG [restartedMain] Mappings: 'resourceHandlerMapping' {/webjars/**=ResourceHttpRequestHandler [classpath [META-INF/resources/webjars/]], /**=ResourceHttpRequestHandler [classpath [META-INF/resources/], classpath [resources/], classpath [static/], classpath [public/], ServletContext [/]]}
2024-06-30 17:46:35,830 INFO  [restartedMain] DbManagerApplication: Started DbManagerApplication in 2.342 seconds (JVM running for 3.37)
2024-06-30 17:46:36,046 DEBUG [RMI TCP Connection(2)-127.0.0.1] rmi: connectionId=rmi://127.0.0.1  1, name=org.springframework.boot:type=Admin,name=SpringApplication, attribute=Ready
2024-06-30 17:46:45,432 INFO  [http-nio-8888-exec-2] DataMigration: GET /hi called
2024-06-30 17:46:49,166 INFO  [http-nio-8888-exec-2] MysqlOperations: entered getSourceListByQuery
2024-06-30 17:46:50,039 INFO  [http-nio-8888-exec-2] MysqlOperations: sourceQuery ::select * from pacs_details
2024-06-30 17:47:33,528 DEBUG [RMI TCP Connection(3)-127.0.0.1] rmi: connectionId=rmi://127.0.0.1  1
2024-06-30 17:47:53,638 INFO  [http-nio-8888-exec-2] MysqlProperties: entered sourceConnection
2024-06-30 17:48:33,536 DEBUG [RMI TCP Connection(4)-127.0.0.1] rmi: connectionId=rmi://127.0.0.1  1
2024-06-30 17:48:36,639 INFO  [http-nio-8888-exec-2] MysqlOperations: entered getSourceListByQuery
2024-06-30 17:48:38,641 INFO  [http-nio-8888-exec-2] MysqlOperations: sourceQuery ::select * from pacs_details
2024-06-30 17:48:42,902 INFO  [http-nio-8888-exec-2] MysqlProperties: entered sourceConnection
2024-06-30 17:48:43,260 WARN  [http-nio-8888-exec-2] PoolBase: HikariPool-1 - Failed to validate connection com.mysql.cj.jdbc.ConnectionImpl@1b2953e5 (No operations allowed after connection closed.). Possibly consider using a shorter maxLifetime value.
2024-06-30 17:48:43,298 WARN  [http-nio-8888-exec-2] PoolBase: HikariPool-1 - Failed to validate connection com.mysql.cj.jdbc.ConnectionImpl@40c96488 (No operations allowed after connection closed.). Possibly consider using a shorter maxLifetime value.
2024-06-30 17:48:43,322 WARN  [http-nio-8888-exec-2] PoolBase: HikariPool-1 - Failed to validate connection com.mysql.cj.jdbc.ConnectionImpl@112eb10f (No operations allowed after connection closed.). Possibly consider using a shorter maxLifetime value.
2024-06-30 17:48:43,348 WARN  [http-nio-8888-exec-2] PoolBase: HikariPool-1 - Failed to validate connection com.mysql.cj.jdbc.ConnectionImpl@36eda48e (No operations allowed after connection closed.). Possibly consider using a shorter maxLifetime value.
2024-06-30 17:48:43,370 WARN  [http-nio-8888-exec-2] PoolBase: HikariPool-1 - Failed to validate connection com.mysql.cj.jdbc.ConnectionImpl@97171b0 (No operations allowed after connection closed.). Possibly consider using a shorter maxLifetime value.
2024-06-30 17:48:43,385 WARN  [http-nio-8888-exec-2] PoolBase: HikariPool-1 - Failed to validate connection com.mysql.cj.jdbc.ConnectionImpl@217a932 (No operations allowed after connection closed.). Possibly consider using a shorter maxLifetime value.
2024-06-30 17:48:43,394 WARN  [http-nio-8888-exec-2] PoolBase: HikariPool-1 - Failed to validate connection com.mysql.cj.jdbc.ConnectionImpl@6655c6b6 (No operations allowed after connection closed.). Possibly consider using a shorter maxLifetime value.
2024-06-30 17:48:43,402 WARN  [http-nio-8888-exec-2] PoolBase: HikariPool-1 - Failed to validate connection com.mysql.cj.jdbc.ConnectionImpl@3d47c726 (No operations allowed after connection closed.). Possibly consider using a shorter maxLifetime value.
2024-06-30 17:48:43,409 WARN  [http-nio-8888-exec-2] PoolBase: HikariPool-1 - Failed to validate connection com.mysql.cj.jdbc.ConnectionImpl@3fb9cdcf (No operations allowed after connection closed.). Possibly consider using a shorter maxLifetime value.
2024-06-30 17:48:43,415 WARN  [http-nio-8888-exec-2] PoolBase: HikariPool-1 - Failed to validate connection com.mysql.cj.jdbc.ConnectionImpl@58ad33 (No operations allowed after connection closed.). Possibly consider using a shorter maxLifetime value.
2024-06-30 17:48:43,422 WARN  [http-nio-8888-exec-2] PoolBase: HikariPool-1 - Failed to validate connection com.mysql.cj.jdbc.ConnectionImpl@4870abf8 (No operations allowed after connection closed.). Possibly consider using a shorter maxLifetime value.
2024-06-30 17:48:43,428 WARN  [http-nio-8888-exec-2] PoolBase: HikariPool-1 - Failed to validate connection com.mysql.cj.jdbc.ConnectionImpl@4b0d3b27 (No operations allowed after connection closed.). Possibly consider using a shorter maxLifetime value.
2024-06-30 17:48:43,435 WARN  [http-nio-8888-exec-2] PoolBase: HikariPool-1 - Failed to validate connection com.mysql.cj.jdbc.ConnectionImpl@3a2b403c (No operations allowed after connection closed.). Possibly consider using a shorter maxLifetime value.
2024-06-30 17:48:43,441 WARN  [http-nio-8888-exec-2] PoolBase: HikariPool-1 - Failed to validate connection com.mysql.cj.jdbc.ConnectionImpl@7f5f437f (No operations allowed after connection closed.). Possibly consider using a shorter maxLifetime value.
2024-06-30 17:48:43,448 WARN  [http-nio-8888-exec-2] PoolBase: HikariPool-1 - Failed to validate connection com.mysql.cj.jdbc.ConnectionImpl@323d0807 (No operations allowed after connection closed.). Possibly consider using a shorter maxLifetime value.
2024-06-30 17:48:43,464 WARN  [http-nio-8888-exec-2] PoolBase: HikariPool-1 - Failed to validate connection com.mysql.cj.jdbc.ConnectionImpl@75c0a035 (No operations allowed after connection closed.). Possibly consider using a shorter maxLifetime value.
2024-06-30 17:48:43,471 WARN  [http-nio-8888-exec-2] PoolBase: HikariPool-1 - Failed to validate connection com.mysql.cj.jdbc.ConnectionImpl@2f67e3ba (No operations allowed after connection closed.). Possibly consider using a shorter maxLifetime value.
2024-06-30 17:48:43,478 WARN  [http-nio-8888-exec-2] PoolBase: HikariPool-1 - Failed to validate connection com.mysql.cj.jdbc.ConnectionImpl@61298fcb (No operations allowed after connection closed.). Possibly consider using a shorter maxLifetime value.
2024-06-30 17:48:43,485 WARN  [http-nio-8888-exec-2] PoolBase: HikariPool-1 - Failed to validate connection com.mysql.cj.jdbc.ConnectionImpl@1bdd44d6 (No operations allowed after connection closed.). Possibly consider using a shorter maxLifetime value.
2024-06-30 17:48:43,491 WARN  [http-nio-8888-exec-2] PoolBase: HikariPool-1 - Failed to validate connection com.mysql.cj.jdbc.ConnectionImpl@6b6c9e90 (No operations allowed after connection closed.). Possibly consider using a shorter maxLifetime value.
2024-06-30 17:48:43,498 WARN  [http-nio-8888-exec-2] PoolBase: HikariPool-1 - Failed to validate connection com.mysql.cj.jdbc.ConnectionImpl@7b86ca74 (No operations allowed after connection closed.). Possibly consider using a shorter maxLifetime value.
2024-06-30 17:48:43,509 WARN  [http-nio-8888-exec-2] PoolBase: HikariPool-1 - Failed to validate connection com.mysql.cj.jdbc.ConnectionImpl@56fc4518 (No operations allowed after connection closed.). Possibly consider using a shorter maxLifetime value.
2024-06-30 17:48:43,515 WARN  [http-nio-8888-exec-2] PoolBase: HikariPool-1 - Failed to validate connection com.mysql.cj.jdbc.ConnectionImpl@277640e5 (No operations allowed after connection closed.). Possibly consider using a shorter maxLifetime value.
2024-06-30 17:48:43,522 WARN  [http-nio-8888-exec-2] PoolBase: HikariPool-1 - Failed to validate connection com.mysql.cj.jdbc.ConnectionImpl@2861c285 (No operations allowed after connection closed.). Possibly consider using a shorter maxLifetime value.
2024-06-30 17:48:43,529 WARN  [http-nio-8888-exec-2] PoolBase: HikariPool-1 - Failed to validate connection com.mysql.cj.jdbc.ConnectionImpl@65f96897 (No operations allowed after connection closed.). Possibly consider using a shorter maxLifetime value.
2024-06-30 17:49:33,539 DEBUG [RMI TCP Connection(6)-127.0.0.1] rmi: connectionId=rmi://127.0.0.1  1
2024-06-30 17:50:04,538 DEBUG [RMI TCP Connection(8)-127.0.0.1] rmi: connectionId=rmi://127.0.0.1  2 unwrapping params with MBean extended ClassLoader.
2024-06-30 17:50:04,548 DEBUG [RMI TCP Connection(8)-127.0.0.1] rmi: connectionId=rmi://127.0.0.1  2, name=org.springframework.boot:type=Admin,name=SpringApplication, operationName=shutdown, signature=null
2024-06-30 20:24:47,717 INFO  [restartedMain] DbManagerApplication: Starting DbManagerApplication using Java 17.0.11 on Karthik with PID 10656 (C:\Users\karth\OneDrive\Desktop\workspace\dbManager\target\classes started by karth in C:\Users\karth\OneDrive\Desktop\workspace\dbManager)
2024-06-30 20:24:47,719 DEBUG [restartedMain] DbManagerApplication: Running with Spring Boot v2.6.1, Spring v5.3.13
2024-06-30 20:24:47,719 INFO  [restartedMain] DbManagerApplication: No active profile set, falling back to default profiles: default
2024-06-30 20:24:48,103 DEBUG [RMI TCP Connection(2)-127.0.0.1] rmi: connectionId=rmi://127.0.0.1  1, name=org.springframework.boot:type=Admin,name=SpringApplication, attribute=Ready
2024-06-30 20:24:48,606 DEBUG [RMI TCP Connection(2)-127.0.0.1] rmi: connectionId=rmi://127.0.0.1  1, name=org.springframework.boot:type=Admin,name=SpringApplication, attribute=Ready
2024-06-30 20:24:48,824 DEBUG [restartedMain] security: X509Certificate: Alg:SHA384withRSA, Serial:59b1b579e8e2132e23907bda777755c, Subject:CN=DigiCert Trusted Root G4, OU=www.digicert.com, O=DigiCert Inc, C=US, Issuer:CN=DigiCert Trusted Root G4, OU=www.digicert.com, O=DigiCert Inc, C=US, Key type:RSA, Length:4096, Cert Id:1057369358, Valid from:01/08/13, 5:30 pm, Valid until:15/01/38, 5:30 pm
2024-06-30 20:24:48,828 DEBUG [restartedMain] security: X509Certificate: Alg:SHA384withRSA, Serial:8ad40b260d29c4c9f5ecda9bd93aed9, Subject:CN=DigiCert Trusted G4 Code Signing RSA4096 SHA384 2021 CA1, O="DigiCert, Inc.", C=US, Issuer:CN=DigiCert Trusted Root G4, OU=www.digicert.com, O=DigiCert Inc, C=US, Key type:RSA, Length:4096, Cert Id:-888920455, Valid from:29/04/21, 5:30 am, Valid until:29/04/36, 5:29 am
2024-06-30 20:24:48,837 DEBUG [restartedMain] security: X509Certificate: Alg:SHA256withRSA, Serial:df7a7c90906301ad2f0c24d3377187b, Subject:EMAILADDRESS=webmaster@eclipse.org, CN="Eclipse.org Foundation, Inc.", OU=IT, O="Eclipse.org Foundation, Inc.", L=Ottawa, ST=Ontario, C=CA, Issuer:CN=DigiCert Trusted G4 Code Signing RSA4096 SHA384 2021 CA1, O="DigiCert, Inc.", C=US, Key type:RSA, Length:4096, Cert Id:444017987, Valid from:02/05/22, 5:30 am, Valid until:22/05/24, 5:29 am
2024-06-30 20:24:48,843 DEBUG [restartedMain] security: X509Certificate: Alg:SHA256withRSA, Serial:7b05b1d449685144f7c989d29c199d12, Subject:CN=Symantec SHA256 TimeStamping CA, OU=Symantec Trust Network, O=Symantec Corporation, C=US, Issuer:CN=VeriSign Universal Root Certification Authority, OU="(c) 2008 VeriSign, Inc. - For authorized use only", OU=VeriSign Trust Network, O="VeriSign, Inc.", C=US, Key type:RSA, Length:2048, Cert Id:679469769, Valid from:12/01/16, 5:30 am, Valid until:12/01/31, 5:29 am
2024-06-30 20:24:48,844 DEBUG [restartedMain] security: X509Certificate: Alg:SHA256withRSA, Serial:7bd4e5afbacc073fa101230422414d12, Subject:CN=Symantec SHA256 TimeStamping Signer - G3, OU=Symantec Trust Network, O=Symantec Corporation, C=US, Issuer:CN=Symantec SHA256 TimeStamping CA, OU=Symantec Trust Network, O=Symantec Corporation, C=US, Key type:RSA, Length:2048, Cert Id:-1917605033, Valid from:23/12/17, 5:30 am, Valid until:23/03/29, 5:29 am
2024-06-30 20:24:49,109 DEBUG [RMI TCP Connection(2)-127.0.0.1] rmi: connectionId=rmi://127.0.0.1  1, name=org.springframework.boot:type=Admin,name=SpringApplication, attribute=Ready
2024-06-30 20:24:49,364 DEBUG [restartedMain] Mappings: 
	c.m.d.r.DataMigration:
	{GET [/migration/hi]}: hi()
2024-06-30 20:24:49,368 DEBUG [restartedMain] Mappings: 
	o.s.b.a.w.s.e.BasicErrorController:
	{ [/error]}: error(HttpServletRequest)
	{ [/error], produces [text/html]}: errorHtml(HttpServletRequest,HttpServletResponse)
2024-06-30 20:24:49,392 DEBUG [restartedMain] Mappings: 'beanNameHandlerMapping' {}
2024-06-30 20:24:49,406 DEBUG [restartedMain] Mappings: 'resourceHandlerMapping' {/webjars/**=ResourceHttpRequestHandler [classpath [META-INF/resources/webjars/]], /**=ResourceHttpRequestHandler [classpath [META-INF/resources/], classpath [resources/], classpath [static/], classpath [public/], ServletContext [/]]}
2024-06-30 20:24:49,543 INFO  [restartedMain] DbManagerApplication: Started DbManagerApplication in 2.439 seconds (JVM running for 3.499)
2024-06-30 20:24:49,613 DEBUG [RMI TCP Connection(2)-127.0.0.1] rmi: connectionId=rmi://127.0.0.1  1, name=org.springframework.boot:type=Admin,name=SpringApplication, attribute=Ready
2024-06-30 20:24:53,020 INFO  [http-nio-8888-exec-1] DataMigration: GET /hi called
2024-06-30 20:24:53,021 INFO  [http-nio-8888-exec-1] MysqlOperations: entered getSourceListByQuery
2024-06-30 20:24:53,021 INFO  [http-nio-8888-exec-1] MysqlOperations: sourceQuery :: select * from pacs_details
2024-06-30 20:25:24,052 ERROR [http-nio-8888-exec-1] HikariPool: HikariPool-1 - Exception during pool initialization.
com.mysql.cj.jdbc.exceptions.CommunicationsException: Communications link failure

The last packet sent successfully to the server was 0 milliseconds ago. The driver has not received any packets from the server.
	at com.mysql.cj.jdbc.exceptions.SQLError.createCommunicationsException(SQLError.java:174)
	at com.mysql.cj.jdbc.exceptions.SQLExceptionsMapping.translateException(SQLExceptionsMapping.java:64)
	at com.mysql.cj.jdbc.ConnectionImpl.createNewIO(ConnectionImpl.java:815)
	at com.mysql.cj.jdbc.ConnectionImpl.<init>(ConnectionImpl.java:438)
	at com.mysql.cj.jdbc.ConnectionImpl.getInstance(ConnectionImpl.java:241)
	at com.mysql.cj.jdbc.NonRegisteringDriver.connect(NonRegisteringDriver.java:189)
	at com.zaxxer.hikari.util.DriverDataSource.getConnection(DriverDataSource.java:138)
	at com.zaxxer.hikari.pool.PoolBase.newConnection(PoolBase.java:364)
	at com.zaxxer.hikari.pool.PoolBase.newPoolEntry(PoolBase.java:206)
	at com.zaxxer.hikari.pool.HikariPool.createPoolEntry(HikariPool.java:476)
	at com.zaxxer.hikari.pool.HikariPool.checkFailFast(HikariPool.java:561)
	at com.zaxxer.hikari.pool.HikariPool.<init>(HikariPool.java:115)
	at com.zaxxer.hikari.HikariDataSource.<init>(HikariDataSource.java:81)
	at com.migration.dbManager.Mysql.MysqlProperties.createDataSource(MysqlProperties.java:54)
	at com.migration.dbManager.Mysql.MysqlProperties.<clinit>(MysqlProperties.java:24)
	at com.migration.dbManager.Mysql.MysqlOperations.getSourceListByQuery(MysqlOperations.java:30)
	at com.migration.dbManager.rest.DataMigration.hi(DataMigration.java:27)
	at java.base/jdk.internal.reflect.NativeMethodAccessorImpl.invoke0(Native Method)
	at java.base/jdk.internal.reflect.NativeMethodAccessorImpl.invoke(NativeMethodAccessorImpl.java:77)
	at java.base/jdk.internal.reflect.DelegatingMethodAccessorImpl.invoke(DelegatingMethodAccessorImpl.java:43)
	at java.base/java.lang.reflect.Method.invoke(Method.java:568)
	at org.springframework.web.method.support.InvocableHandlerMethod.doInvoke(InvocableHandlerMethod.java:205)
	at org.springframework.web.method.support.InvocableHandlerMethod.invokeForRequest(InvocableHandlerMethod.java:150)
	at org.springframework.web.servlet.mvc.method.annotation.ServletInvocableHandlerMethod.invokeAndHandle(ServletInvocableHandlerMethod.java:117)
	at org.springframework.web.servlet.mvc.method.annotation.RequestMappingHandlerAdapter.invokeHandlerMethod(RequestMappingHandlerAdapter.java:895)
	at org.springframework.web.servlet.mvc.method.annotation.RequestMappingHandlerAdapter.handleInternal(RequestMappingHandlerAdapter.java:808)
	at org.springframework.web.servlet.mvc.method.AbstractHandlerMethodAdapter.handle(AbstractHandlerMethodAdapter.java:87)
	at org.springframework.web.servlet.DispatcherServlet.doDispatch(DispatcherServlet.java:1067)
	at org.springframework.web.servlet.DispatcherServlet.doService(DispatcherServlet.java:963)
	at org.springframework.web.servlet.FrameworkServlet.processRequest(FrameworkServlet.java:1006)
	at org.springframework.web.servlet.FrameworkServlet.doGet(FrameworkServlet.java:898)
	at javax.servlet.http.HttpServlet.service(HttpServlet.java:655)
	at org.springframework.web.servlet.FrameworkServlet.service(FrameworkServlet.java:883)
	at javax.servlet.http.HttpServlet.service(HttpServlet.java:764)
	at org.apache.catalina.core.ApplicationFilterChain.internalDoFilter(ApplicationFilterChain.java:227)
	at org.apache.catalina.core.ApplicationFilterChain.doFilter(ApplicationFilterChain.java:162)
	at org.apache.tomcat.websocket.server.WsFilter.doFilter(WsFilter.java:53)
	at org.apache.catalina.core.ApplicationFilterChain.internalDoFilter(ApplicationFilterChain.java:189)
	at org.apache.catalina.core.ApplicationFilterChain.doFilter(ApplicationFilterChain.java:162)
	at org.springframework.web.filter.RequestContextFilter.doFilterInternal(RequestContextFilter.java:100)
	at org.springframework.web.filter.OncePerRequestFilter.doFilter(OncePerRequestFilter.java:119)
	at org.apache.catalina.core.ApplicationFilterChain.internalDoFilter(ApplicationFilterChain.java:189)
	at org.apache.catalina.core.ApplicationFilterChain.doFilter(ApplicationFilterChain.java:162)
	at org.springframework.web.filter.FormContentFilter.doFilterInternal(FormContentFilter.java:93)
	at org.springframework.web.filter.OncePerRequestFilter.doFilter(OncePerRequestFilter.java:119)
	at org.apache.catalina.core.ApplicationFilterChain.internalDoFilter(ApplicationFilterChain.java:189)
	at org.apache.catalina.core.ApplicationFilterChain.doFilter(ApplicationFilterChain.java:162)
	at org.springframework.web.filter.CharacterEncodingFilter.doFilterInternal(CharacterEncodingFilter.java:201)
	at org.springframework.web.filter.OncePerRequestFilter.doFilter(OncePerRequestFilter.java:119)
	at org.apache.catalina.core.ApplicationFilterChain.internalDoFilter(ApplicationFilterChain.java:189)
	at org.apache.catalina.core.ApplicationFilterChain.doFilter(ApplicationFilterChain.java:162)
	at org.apache.catalina.core.StandardWrapperValve.invoke(StandardWrapperValve.java:197)
	at org.apache.catalina.core.StandardContextValve.invoke(StandardContextValve.java:97)
	at org.apache.catalina.authenticator.AuthenticatorBase.invoke(AuthenticatorBase.java:540)
	at org.apache.catalina.core.StandardHostValve.invoke(StandardHostValve.java:135)
	at org.apache.catalina.valves.ErrorReportValve.invoke(ErrorReportValve.java:92)
	at org.apache.catalina.core.StandardEngineValve.invoke(StandardEngineValve.java:78)
	at org.apache.catalina.connector.CoyoteAdapter.service(CoyoteAdapter.java:357)
	at org.apache.coyote.http11.Http11Processor.service(Http11Processor.java:382)
	at org.apache.coyote.AbstractProcessorLight.process(AbstractProcessorLight.java:65)
	at org.apache.coyote.AbstractProtocol$ConnectionHandler.process(AbstractProtocol.java:895)
	at org.apache.tomcat.util.net.NioEndpoint$SocketProcessor.doRun(NioEndpoint.java:1722)
	at org.apache.tomcat.util.net.SocketProcessorBase.run(SocketProcessorBase.java:49)
	at org.apache.tomcat.util.threads.ThreadPoolExecutor.runWorker(ThreadPoolExecutor.java:1191)
	at org.apache.tomcat.util.threads.ThreadPoolExecutor$Worker.run(ThreadPoolExecutor.java:659)
	at org.apache.tomcat.util.threads.TaskThread$WrappingRunnable.run(TaskThread.java:61)
	at java.base/java.lang.Thread.run(Thread.java:842)
Caused by: com.mysql.cj.exceptions.CJCommunicationsException: Communications link failure

The last packet sent successfully to the server was 0 milliseconds ago. The driver has not received any packets from the server.
	at java.base/jdk.internal.reflect.NativeConstructorAccessorImpl.newInstance0(Native Method)
	at java.base/jdk.internal.reflect.NativeConstructorAccessorImpl.newInstance(NativeConstructorAccessorImpl.java:77)
	at java.base/jdk.internal.reflect.DelegatingConstructorAccessorImpl.newInstance(DelegatingConstructorAccessorImpl.java:45)
	at java.base/java.lang.reflect.Constructor.newInstanceWithCaller(Constructor.java:499)
	at java.base/java.lang.reflect.Constructor.newInstance(Constructor.java:480)
	at com.mysql.cj.exceptions.ExceptionFactory.createException(ExceptionFactory.java:61)
	at com.mysql.cj.exceptions.ExceptionFactory.createException(ExceptionFactory.java:104)
	at com.mysql.cj.exceptions.ExceptionFactory.createException(ExceptionFactory.java:149)
	at com.mysql.cj.exceptions.ExceptionFactory.createCommunicationsException(ExceptionFactory.java:165)
	at com.mysql.cj.protocol.a.NativeSocketConnection.connect(NativeSocketConnection.java:88)
	at com.mysql.cj.NativeSession.connect(NativeSession.java:120)
	at com.mysql.cj.jdbc.ConnectionImpl.connectOneTryOnly(ConnectionImpl.java:935)
	at com.mysql.cj.jdbc.ConnectionImpl.createNewIO(ConnectionImpl.java:805)
	... 64 common frames omitted
Caused by: java.net.ConnectException: Connection timed out: no further information
	at java.base/sun.nio.ch.Net.pollConnect(Native Method)
	at java.base/sun.nio.ch.Net.pollConnectNow(Net.java:672)
	at java.base/sun.nio.ch.NioSocketImpl.timedFinishConnect(NioSocketImpl.java:554)
	at java.base/sun.nio.ch.NioSocketImpl.connect(NioSocketImpl.java:602)
	at java.base/java.net.SocksSocketImpl.connect(SocksSocketImpl.java:327)
	at java.base/java.net.Socket.connect(Socket.java:633)
	at com.mysql.cj.protocol.StandardSocketFactory.connect(StandardSocketFactory.java:153)
	at com.mysql.cj.protocol.a.NativeSocketConnection.connect(NativeSocketConnection.java:62)
	... 67 common frames omitted
2024-06-30 20:25:24,102 ERROR [http-nio-8888-exec-1] [dispatcherServlet]: Servlet.service() for servlet [dispatcherServlet] in context with path [] threw exception [Handler dispatch failed; nested exception is java.lang.ExceptionInInitializerError] with root cause
java.net.ConnectException: Connection timed out: no further information
	at java.base/sun.nio.ch.Net.pollConnect(Native Method)
	at java.base/sun.nio.ch.Net.pollConnectNow(Net.java:672)
	at java.base/sun.nio.ch.NioSocketImpl.timedFinishConnect(NioSocketImpl.java:554)
	at java.base/sun.nio.ch.NioSocketImpl.connect(NioSocketImpl.java:602)
	at java.base/java.net.SocksSocketImpl.connect(SocksSocketImpl.java:327)
	at java.base/java.net.Socket.connect(Socket.java:633)
	at com.mysql.cj.protocol.StandardSocketFactory.connect(StandardSocketFactory.java:153)
	at com.mysql.cj.protocol.a.NativeSocketConnection.connect(NativeSocketConnection.java:62)
	at com.mysql.cj.NativeSession.connect(NativeSession.java:120)
	at com.mysql.cj.jdbc.ConnectionImpl.connectOneTryOnly(ConnectionImpl.java:935)
	at com.mysql.cj.jdbc.ConnectionImpl.createNewIO(ConnectionImpl.java:805)
	at com.mysql.cj.jdbc.ConnectionImpl.<init>(ConnectionImpl.java:438)
	at com.mysql.cj.jdbc.ConnectionImpl.getInstance(ConnectionImpl.java:241)
	at com.mysql.cj.jdbc.NonRegisteringDriver.connect(NonRegisteringDriver.java:189)
	at com.zaxxer.hikari.util.DriverDataSource.getConnection(DriverDataSource.java:138)
	at com.zaxxer.hikari.pool.PoolBase.newConnection(PoolBase.java:364)
	at com.zaxxer.hikari.pool.PoolBase.newPoolEntry(PoolBase.java:206)
	at com.zaxxer.hikari.pool.HikariPool.createPoolEntry(HikariPool.java:476)
	at com.zaxxer.hikari.pool.HikariPool.checkFailFast(HikariPool.java:561)
	at com.zaxxer.hikari.pool.HikariPool.<init>(HikariPool.java:115)
	at com.zaxxer.hikari.HikariDataSource.<init>(HikariDataSource.java:81)
	at com.migration.dbManager.Mysql.MysqlProperties.createDataSource(MysqlProperties.java:54)
	at com.migration.dbManager.Mysql.MysqlProperties.<clinit>(MysqlProperties.java:24)
	at com.migration.dbManager.Mysql.MysqlOperations.getSourceListByQuery(MysqlOperations.java:30)
	at com.migration.dbManager.rest.DataMigration.hi(DataMigration.java:27)
	at java.base/jdk.internal.reflect.NativeMethodAccessorImpl.invoke0(Native Method)
	at java.base/jdk.internal.reflect.NativeMethodAccessorImpl.invoke(NativeMethodAccessorImpl.java:77)
	at java.base/jdk.internal.reflect.DelegatingMethodAccessorImpl.invoke(DelegatingMethodAccessorImpl.java:43)
	at java.base/java.lang.reflect.Method.invoke(Method.java:568)
	at org.springframework.web.method.support.InvocableHandlerMethod.doInvoke(InvocableHandlerMethod.java:205)
	at org.springframework.web.method.support.InvocableHandlerMethod.invokeForRequest(InvocableHandlerMethod.java:150)
	at org.springframework.web.servlet.mvc.method.annotation.ServletInvocableHandlerMethod.invokeAndHandle(ServletInvocableHandlerMethod.java:117)
	at org.springframework.web.servlet.mvc.method.annotation.RequestMappingHandlerAdapter.invokeHandlerMethod(RequestMappingHandlerAdapter.java:895)
	at org.springframework.web.servlet.mvc.method.annotation.RequestMappingHandlerAdapter.handleInternal(RequestMappingHandlerAdapter.java:808)
	at org.springframework.web.servlet.mvc.method.AbstractHandlerMethodAdapter.handle(AbstractHandlerMethodAdapter.java:87)
	at org.springframework.web.servlet.DispatcherServlet.doDispatch(DispatcherServlet.java:1067)
	at org.springframework.web.servlet.DispatcherServlet.doService(DispatcherServlet.java:963)
	at org.springframework.web.servlet.FrameworkServlet.processRequest(FrameworkServlet.java:1006)
	at org.springframework.web.servlet.FrameworkServlet.doGet(FrameworkServlet.java:898)
	at javax.servlet.http.HttpServlet.service(HttpServlet.java:655)
	at org.springframework.web.servlet.FrameworkServlet.service(FrameworkServlet.java:883)
	at javax.servlet.http.HttpServlet.service(HttpServlet.java:764)
	at org.apache.catalina.core.ApplicationFilterChain.internalDoFilter(ApplicationFilterChain.java:227)
	at org.apache.catalina.core.ApplicationFilterChain.doFilter(ApplicationFilterChain.java:162)
	at org.apache.tomcat.websocket.server.WsFilter.doFilter(WsFilter.java:53)
	at org.apache.catalina.core.ApplicationFilterChain.internalDoFilter(ApplicationFilterChain.java:189)
	at org.apache.catalina.core.ApplicationFilterChain.doFilter(ApplicationFilterChain.java:162)
	at org.springframework.web.filter.RequestContextFilter.doFilterInternal(RequestContextFilter.java:100)
	at org.springframework.web.filter.OncePerRequestFilter.doFilter(OncePerRequestFilter.java:119)
	at org.apache.catalina.core.ApplicationFilterChain.internalDoFilter(ApplicationFilterChain.java:189)
	at org.apache.catalina.core.ApplicationFilterChain.doFilter(ApplicationFilterChain.java:162)
	at org.springframework.web.filter.FormContentFilter.doFilterInternal(FormContentFilter.java:93)
	at org.springframework.web.filter.OncePerRequestFilter.doFilter(OncePerRequestFilter.java:119)
	at org.apache.catalina.core.ApplicationFilterChain.internalDoFilter(ApplicationFilterChain.java:189)
	at org.apache.catalina.core.ApplicationFilterChain.doFilter(ApplicationFilterChain.java:162)
	at org.springframework.web.filter.CharacterEncodingFilter.doFilterInternal(CharacterEncodingFilter.java:201)
	at org.springframework.web.filter.OncePerRequestFilter.doFilter(OncePerRequestFilter.java:119)
	at org.apache.catalina.core.ApplicationFilterChain.internalDoFilter(ApplicationFilterChain.java:189)
	at org.apache.catalina.core.ApplicationFilterChain.doFilter(ApplicationFilterChain.java:162)
	at org.apache.catalina.core.StandardWrapperValve.invoke(StandardWrapperValve.java:197)
	at org.apache.catalina.core.StandardContextValve.invoke(StandardContextValve.java:97)
	at org.apache.catalina.authenticator.AuthenticatorBase.invoke(AuthenticatorBase.java:540)
	at org.apache.catalina.core.StandardHostValve.invoke(StandardHostValve.java:135)
	at org.apache.catalina.valves.ErrorReportValve.invoke(ErrorReportValve.java:92)
	at org.apache.catalina.core.StandardEngineValve.invoke(StandardEngineValve.java:78)
	at org.apache.catalina.connector.CoyoteAdapter.service(CoyoteAdapter.java:357)
	at org.apache.coyote.http11.Http11Processor.service(Http11Processor.java:382)
	at org.apache.coyote.AbstractProcessorLight.process(AbstractProcessorLight.java:65)
	at org.apache.coyote.AbstractProtocol$ConnectionHandler.process(AbstractProtocol.java:895)
	at org.apache.tomcat.util.net.NioEndpoint$SocketProcessor.doRun(NioEndpoint.java:1722)
	at org.apache.tomcat.util.net.SocketProcessorBase.run(SocketProcessorBase.java:49)
	at org.apache.tomcat.util.threads.ThreadPoolExecutor.runWorker(ThreadPoolExecutor.java:1191)
	at org.apache.tomcat.util.threads.ThreadPoolExecutor$Worker.run(ThreadPoolExecutor.java:659)
	at org.apache.tomcat.util.threads.TaskThread$WrappingRunnable.run(TaskThread.java:61)
	at java.base/java.lang.Thread.run(Thread.java:842)
2024-06-30 20:25:47,085 DEBUG [RMI TCP Connection(3)-127.0.0.1] rmi: connectionId=rmi://127.0.0.1  1
2024-06-30 20:26:27,385 DEBUG [RMI TCP Connection(5)-127.0.0.1] rmi: connectionId=rmi://127.0.0.1  2 unwrapping params with MBean extended ClassLoader.
2024-06-30 20:26:27,389 DEBUG [RMI TCP Connection(5)-127.0.0.1] rmi: connectionId=rmi://127.0.0.1  2, name=org.springframework.boot:type=Admin,name=SpringApplication, operationName=shutdown, signature=null
2024-06-30 20:26:46,249 DEBUG [RMI TCP Connection(2)-127.0.0.1] rmi: connectionId=rmi://127.0.0.1  1, name=org.springframework.boot:type=Admin,name=SpringApplication, attribute=Ready
2024-06-30 20:26:46,292 INFO  [restartedMain] DbManagerApplication: Starting DbManagerApplication using Java 17.0.11 on Karthik with PID 3056 (C:\Users\karth\OneDrive\Desktop\workspace\dbManager\target\classes started by karth in C:\Users\karth\OneDrive\Desktop\workspace\dbManager)
2024-06-30 20:26:46,293 DEBUG [restartedMain] DbManagerApplication: Running with Spring Boot v2.6.1, Spring v5.3.13
2024-06-30 20:26:46,293 INFO  [restartedMain] DbManagerApplication: No active profile set, falling back to default profiles: default
2024-06-30 20:26:46,754 DEBUG [RMI TCP Connection(2)-127.0.0.1] rmi: connectionId=rmi://127.0.0.1  1, name=org.springframework.boot:type=Admin,name=SpringApplication, attribute=Ready
2024-06-30 20:26:47,258 DEBUG [RMI TCP Connection(2)-127.0.0.1] rmi: connectionId=rmi://127.0.0.1  1, name=org.springframework.boot:type=Admin,name=SpringApplication, attribute=Ready
2024-06-30 20:26:47,356 DEBUG [restartedMain] security: X509Certificate: Alg:SHA384withRSA, Serial:59b1b579e8e2132e23907bda777755c, Subject:CN=DigiCert Trusted Root G4, OU=www.digicert.com, O=DigiCert Inc, C=US, Issuer:CN=DigiCert Trusted Root G4, OU=www.digicert.com, O=DigiCert Inc, C=US, Key type:RSA, Length:4096, Cert Id:1057369358, Valid from:01/08/13, 5:30 pm, Valid until:15/01/38, 5:30 pm
2024-06-30 20:26:47,357 DEBUG [restartedMain] security: X509Certificate: Alg:SHA384withRSA, Serial:8ad40b260d29c4c9f5ecda9bd93aed9, Subject:CN=DigiCert Trusted G4 Code Signing RSA4096 SHA384 2021 CA1, O="DigiCert, Inc.", C=US, Issuer:CN=DigiCert Trusted Root G4, OU=www.digicert.com, O=DigiCert Inc, C=US, Key type:RSA, Length:4096, Cert Id:-888920455, Valid from:29/04/21, 5:30 am, Valid until:29/04/36, 5:29 am
2024-06-30 20:26:47,358 DEBUG [restartedMain] security: X509Certificate: Alg:SHA256withRSA, Serial:df7a7c90906301ad2f0c24d3377187b, Subject:EMAILADDRESS=webmaster@eclipse.org, CN="Eclipse.org Foundation, Inc.", OU=IT, O="Eclipse.org Foundation, Inc.", L=Ottawa, ST=Ontario, C=CA, Issuer:CN=DigiCert Trusted G4 Code Signing RSA4096 SHA384 2021 CA1, O="DigiCert, Inc.", C=US, Key type:RSA, Length:4096, Cert Id:444017987, Valid from:02/05/22, 5:30 am, Valid until:22/05/24, 5:29 am
2024-06-30 20:26:47,360 DEBUG [restartedMain] security: X509Certificate: Alg:SHA256withRSA, Serial:7b05b1d449685144f7c989d29c199d12, Subject:CN=Symantec SHA256 TimeStamping CA, OU=Symantec Trust Network, O=Symantec Corporation, C=US, Issuer:CN=VeriSign Universal Root Certification Authority, OU="(c) 2008 VeriSign, Inc. - For authorized use only", OU=VeriSign Trust Network, O="VeriSign, Inc.", C=US, Key type:RSA, Length:2048, Cert Id:679469769, Valid from:12/01/16, 5:30 am, Valid until:12/01/31, 5:29 am
2024-06-30 20:26:47,362 DEBUG [restartedMain] security: X509Certificate: Alg:SHA256withRSA, Serial:7bd4e5afbacc073fa101230422414d12, Subject:CN=Symantec SHA256 TimeStamping Signer - G3, OU=Symantec Trust Network, O=Symantec Corporation, C=US, Issuer:CN=Symantec SHA256 TimeStamping CA, OU=Symantec Trust Network, O=Symantec Corporation, C=US, Key type:RSA, Length:2048, Cert Id:-1917605033, Valid from:23/12/17, 5:30 am, Valid until:23/03/29, 5:29 am
2024-06-30 20:26:47,761 DEBUG [RMI TCP Connection(2)-127.0.0.1] rmi: connectionId=rmi://127.0.0.1  1, name=org.springframework.boot:type=Admin,name=SpringApplication, attribute=Ready
2024-06-30 20:26:47,777 DEBUG [restartedMain] Mappings: 
	c.m.d.r.DataMigration:
	{GET [/migration/hi]}: hi()
2024-06-30 20:26:47,781 DEBUG [restartedMain] Mappings: 
	o.s.b.a.w.s.e.BasicErrorController:
	{ [/error]}: error(HttpServletRequest)
	{ [/error], produces [text/html]}: errorHtml(HttpServletRequest,HttpServletResponse)
2024-06-30 20:26:47,798 DEBUG [restartedMain] Mappings: 'beanNameHandlerMapping' {}
2024-06-30 20:26:47,812 DEBUG [restartedMain] Mappings: 'resourceHandlerMapping' {/webjars/**=ResourceHttpRequestHandler [classpath [META-INF/resources/webjars/]], /**=ResourceHttpRequestHandler [classpath [META-INF/resources/], classpath [resources/], classpath [static/], classpath [public/], ServletContext [/]]}
2024-06-30 20:26:47,989 INFO  [restartedMain] DbManagerApplication: Started DbManagerApplication in 2.273 seconds (JVM running for 3.282)
2024-06-30 20:26:48,265 DEBUG [RMI TCP Connection(2)-127.0.0.1] rmi: connectionId=rmi://127.0.0.1  1, name=org.springframework.boot:type=Admin,name=SpringApplication, attribute=Ready
2024-06-30 20:26:53,502 INFO  [http-nio-8888-exec-2] DataMigration: GET /hi called
2024-06-30 20:26:58,631 INFO  [http-nio-8888-exec-2] MysqlOperations: entered getSourceListByQuery
2024-06-30 20:26:58,668 INFO  [http-nio-8888-exec-2] MysqlOperations: sourceQuery :: select * from pacs_details
2024-06-30 20:27:06,506 INFO  [http-nio-8888-exec-2] MysqlProperties: entered sourceConnection
2024-06-30 20:27:24,889 ERROR [http-nio-8888-exec-2] [dispatcherServlet]: Servlet.service() for servlet [dispatcherServlet] in context with path [] threw exception [Request processing failed; nested exception is java.lang.NullPointerException: Cannot read the array length because "headers" is null] with root cause
java.lang.NullPointerException: Cannot read the array length because "headers" is null
	at com.migration.dbManager.Mysql.MysqlOperations.exportToCsv(MysqlOperations.java:62)
	at com.migration.dbManager.rest.DataMigration.hi(DataMigration.java:27)
	at java.base/jdk.internal.reflect.NativeMethodAccessorImpl.invoke0(Native Method)
	at java.base/jdk.internal.reflect.NativeMethodAccessorImpl.invoke(NativeMethodAccessorImpl.java:77)
	at java.base/jdk.internal.reflect.DelegatingMethodAccessorImpl.invoke(DelegatingMethodAccessorImpl.java:43)
	at java.base/java.lang.reflect.Method.invoke(Method.java:568)
	at org.springframework.web.method.support.InvocableHandlerMethod.doInvoke(InvocableHandlerMethod.java:205)
	at org.springframework.web.method.support.InvocableHandlerMethod.invokeForRequest(InvocableHandlerMethod.java:150)
	at org.springframework.web.servlet.mvc.method.annotation.ServletInvocableHandlerMethod.invokeAndHandle(ServletInvocableHandlerMethod.java:117)
	at org.springframework.web.servlet.mvc.method.annotation.RequestMappingHandlerAdapter.invokeHandlerMethod(RequestMappingHandlerAdapter.java:895)
	at org.springframework.web.servlet.mvc.method.annotation.RequestMappingHandlerAdapter.handleInternal(RequestMappingHandlerAdapter.java:808)
	at org.springframework.web.servlet.mvc.method.AbstractHandlerMethodAdapter.handle(AbstractHandlerMethodAdapter.java:87)
	at org.springframework.web.servlet.DispatcherServlet.doDispatch(DispatcherServlet.java:1067)
	at org.springframework.web.servlet.DispatcherServlet.doService(DispatcherServlet.java:963)
	at org.springframework.web.servlet.FrameworkServlet.processRequest(FrameworkServlet.java:1006)
	at org.springframework.web.servlet.FrameworkServlet.doGet(FrameworkServlet.java:898)
	at javax.servlet.http.HttpServlet.service(HttpServlet.java:655)
	at org.springframework.web.servlet.FrameworkServlet.service(FrameworkServlet.java:883)
	at javax.servlet.http.HttpServlet.service(HttpServlet.java:764)
	at org.apache.catalina.core.ApplicationFilterChain.internalDoFilter(ApplicationFilterChain.java:227)
	at org.apache.catalina.core.ApplicationFilterChain.doFilter(ApplicationFilterChain.java:162)
	at org.apache.tomcat.websocket.server.WsFilter.doFilter(WsFilter.java:53)
	at org.apache.catalina.core.ApplicationFilterChain.internalDoFilter(ApplicationFilterChain.java:189)
	at org.apache.catalina.core.ApplicationFilterChain.doFilter(ApplicationFilterChain.java:162)
	at org.springframework.web.filter.RequestContextFilter.doFilterInternal(RequestContextFilter.java:100)
	at org.springframework.web.filter.OncePerRequestFilter.doFilter(OncePerRequestFilter.java:119)
	at org.apache.catalina.core.ApplicationFilterChain.internalDoFilter(ApplicationFilterChain.java:189)
	at org.apache.catalina.core.ApplicationFilterChain.doFilter(ApplicationFilterChain.java:162)
	at org.springframework.web.filter.FormContentFilter.doFilterInternal(FormContentFilter.java:93)
	at org.springframework.web.filter.OncePerRequestFilter.doFilter(OncePerRequestFilter.java:119)
	at org.apache.catalina.core.ApplicationFilterChain.internalDoFilter(ApplicationFilterChain.java:189)
	at org.apache.catalina.core.ApplicationFilterChain.doFilter(ApplicationFilterChain.java:162)
	at org.springframework.web.filter.CharacterEncodingFilter.doFilterInternal(CharacterEncodingFilter.java:201)
	at org.springframework.web.filter.OncePerRequestFilter.doFilter(OncePerRequestFilter.java:119)
	at org.apache.catalina.core.ApplicationFilterChain.internalDoFilter(ApplicationFilterChain.java:189)
	at org.apache.catalina.core.ApplicationFilterChain.doFilter(ApplicationFilterChain.java:162)
	at org.apache.catalina.core.StandardWrapperValve.invoke(StandardWrapperValve.java:197)
	at org.apache.catalina.core.StandardContextValve.invoke(StandardContextValve.java:97)
	at org.apache.catalina.authenticator.AuthenticatorBase.invoke(AuthenticatorBase.java:540)
	at org.apache.catalina.core.StandardHostValve.invoke(StandardHostValve.java:135)
	at org.apache.catalina.valves.ErrorReportValve.invoke(ErrorReportValve.java:92)
	at org.apache.catalina.core.StandardEngineValve.invoke(StandardEngineValve.java:78)
	at org.apache.catalina.connector.CoyoteAdapter.service(CoyoteAdapter.java:357)
	at org.apache.coyote.http11.Http11Processor.service(Http11Processor.java:382)
	at org.apache.coyote.AbstractProcessorLight.process(AbstractProcessorLight.java:65)
	at org.apache.coyote.AbstractProtocol$ConnectionHandler.process(AbstractProtocol.java:895)
	at org.apache.tomcat.util.net.NioEndpoint$SocketProcessor.doRun(NioEndpoint.java:1722)
	at org.apache.tomcat.util.net.SocketProcessorBase.run(SocketProcessorBase.java:49)
	at org.apache.tomcat.util.threads.ThreadPoolExecutor.runWorker(ThreadPoolExecutor.java:1191)
	at org.apache.tomcat.util.threads.ThreadPoolExecutor$Worker.run(ThreadPoolExecutor.java:659)
	at org.apache.tomcat.util.threads.TaskThread$WrappingRunnable.run(TaskThread.java:61)
	at java.base/java.lang.Thread.run(Thread.java:842)
2024-06-30 20:27:37,587 DEBUG [RMI TCP Connection(3)-127.0.0.1] rmi: connectionId=rmi://127.0.0.1  2 unwrapping params with MBean extended ClassLoader.
2024-06-30 20:27:37,591 DEBUG [RMI TCP Connection(3)-127.0.0.1] rmi: connectionId=rmi://127.0.0.1  2, name=org.springframework.boot:type=Admin,name=SpringApplication, operationName=shutdown, signature=null
2024-06-30 20:32:24,140 INFO  [restartedMain] DbManagerApplication: Starting DbManagerApplication using Java 17.0.11 on Karthik with PID 14264 (C:\Users\karth\OneDrive\Desktop\workspace\dbManager\target\classes started by karth in C:\Users\karth\OneDrive\Desktop\workspace\dbManager)
2024-06-30 20:32:24,141 DEBUG [restartedMain] DbManagerApplication: Running with Spring Boot v2.6.1, Spring v5.3.13
2024-06-30 20:32:24,142 INFO  [restartedMain] DbManagerApplication: No active profile set, falling back to default profiles: default
2024-06-30 20:32:24,338 DEBUG [RMI TCP Connection(2)-127.0.0.1] rmi: connectionId=rmi://127.0.0.1  1, name=org.springframework.boot:type=Admin,name=SpringApplication, attribute=Ready
2024-06-30 20:32:24,891 DEBUG [RMI TCP Connection(2)-127.0.0.1] rmi: connectionId=rmi://127.0.0.1  1, name=org.springframework.boot:type=Admin,name=SpringApplication, attribute=Ready
2024-06-30 20:32:25,176 DEBUG [restartedMain] security: X509Certificate: Alg:SHA384withRSA, Serial:59b1b579e8e2132e23907bda777755c, Subject:CN=DigiCert Trusted Root G4, OU=www.digicert.com, O=DigiCert Inc, C=US, Issuer:CN=DigiCert Trusted Root G4, OU=www.digicert.com, O=DigiCert Inc, C=US, Key type:RSA, Length:4096, Cert Id:1057369358, Valid from:01/08/13, 5:30 pm, Valid until:15/01/38, 5:30 pm
2024-06-30 20:32:25,177 DEBUG [restartedMain] security: X509Certificate: Alg:SHA384withRSA, Serial:8ad40b260d29c4c9f5ecda9bd93aed9, Subject:CN=DigiCert Trusted G4 Code Signing RSA4096 SHA384 2021 CA1, O="DigiCert, Inc.", C=US, Issuer:CN=DigiCert Trusted Root G4, OU=www.digicert.com, O=DigiCert Inc, C=US, Key type:RSA, Length:4096, Cert Id:-888920455, Valid from:29/04/21, 5:30 am, Valid until:29/04/36, 5:29 am
2024-06-30 20:32:25,178 DEBUG [restartedMain] security: X509Certificate: Alg:SHA256withRSA, Serial:df7a7c90906301ad2f0c24d3377187b, Subject:EMAILADDRESS=webmaster@eclipse.org, CN="Eclipse.org Foundation, Inc.", OU=IT, O="Eclipse.org Foundation, Inc.", L=Ottawa, ST=Ontario, C=CA, Issuer:CN=DigiCert Trusted G4 Code Signing RSA4096 SHA384 2021 CA1, O="DigiCert, Inc.", C=US, Key type:RSA, Length:4096, Cert Id:444017987, Valid from:02/05/22, 5:30 am, Valid until:22/05/24, 5:29 am
2024-06-30 20:32:25,180 DEBUG [restartedMain] security: X509Certificate: Alg:SHA256withRSA, Serial:7b05b1d449685144f7c989d29c199d12, Subject:CN=Symantec SHA256 TimeStamping CA, OU=Symantec Trust Network, O=Symantec Corporation, C=US, Issuer:CN=VeriSign Universal Root Certification Authority, OU="(c) 2008 VeriSign, Inc. - For authorized use only", OU=VeriSign Trust Network, O="VeriSign, Inc.", C=US, Key type:RSA, Length:2048, Cert Id:679469769, Valid from:12/01/16, 5:30 am, Valid until:12/01/31, 5:29 am
2024-06-30 20:32:25,180 DEBUG [restartedMain] security: X509Certificate: Alg:SHA256withRSA, Serial:7bd4e5afbacc073fa101230422414d12, Subject:CN=Symantec SHA256 TimeStamping Signer - G3, OU=Symantec Trust Network, O=Symantec Corporation, C=US, Issuer:CN=Symantec SHA256 TimeStamping CA, OU=Symantec Trust Network, O=Symantec Corporation, C=US, Key type:RSA, Length:2048, Cert Id:-1917605033, Valid from:23/12/17, 5:30 am, Valid until:23/03/29, 5:29 am
2024-06-30 20:32:25,394 DEBUG [RMI TCP Connection(2)-127.0.0.1] rmi: connectionId=rmi://127.0.0.1  1, name=org.springframework.boot:type=Admin,name=SpringApplication, attribute=Ready
2024-06-30 20:32:25,533 DEBUG [restartedMain] Mappings: 
	c.m.d.r.DataMigration:
	{GET [/migration/hi]}: hi()
2024-06-30 20:32:25,536 DEBUG [restartedMain] Mappings: 
	o.s.b.a.w.s.e.BasicErrorController:
	{ [/error]}: error(HttpServletRequest)
	{ [/error], produces [text/html]}: errorHtml(HttpServletRequest,HttpServletResponse)
2024-06-30 20:32:25,552 DEBUG [restartedMain] Mappings: 'beanNameHandlerMapping' {}
2024-06-30 20:32:25,565 DEBUG [restartedMain] Mappings: 'resourceHandlerMapping' {/webjars/**=ResourceHttpRequestHandler [classpath [META-INF/resources/webjars/]], /**=ResourceHttpRequestHandler [classpath [META-INF/resources/], classpath [resources/], classpath [static/], classpath [public/], ServletContext [/]]}
2024-06-30 20:32:25,698 INFO  [restartedMain] DbManagerApplication: Started DbManagerApplication in 2.084 seconds (JVM running for 2.994)
2024-06-30 20:32:25,898 DEBUG [RMI TCP Connection(2)-127.0.0.1] rmi: connectionId=rmi://127.0.0.1  1, name=org.springframework.boot:type=Admin,name=SpringApplication, attribute=Ready
2024-06-30 20:32:35,698 INFO  [http-nio-8888-exec-2] DataMigration: entered method
2024-06-30 20:32:39,921 INFO  [http-nio-8888-exec-2] MysqlOperations: entered getSourceListByQuery
2024-06-30 20:32:39,958 INFO  [http-nio-8888-exec-2] MysqlOperations: sourceQuery :: select * from pacs_details
2024-06-30 20:32:47,975 INFO  [http-nio-8888-exec-2] MysqlProperties: entered sourceConnection
2024-06-30 20:33:23,810 DEBUG [RMI TCP Connection(3)-127.0.0.1] rmi: connectionId=rmi://127.0.0.1  1
2024-06-30 20:34:08,735 DEBUG [RMI TCP Connection(5)-127.0.0.1] rmi: connectionId=rmi://127.0.0.1  2 unwrapping params with MBean extended ClassLoader.
2024-06-30 20:34:08,739 DEBUG [RMI TCP Connection(5)-127.0.0.1] rmi: connectionId=rmi://127.0.0.1  2, name=org.springframework.boot:type=Admin,name=SpringApplication, operationName=shutdown, signature=null
2024-06-30 20:39:58,325 DEBUG [RMI TCP Connection(2)-127.0.0.1] rmi: connectionId=rmi://127.0.0.1  1, name=org.springframework.boot:type=Admin,name=SpringApplication, attribute=Ready
2024-06-30 20:39:58,330 INFO  [restartedMain] DbManagerApplication: Starting DbManagerApplication using Java 17.0.11 on Karthik with PID 16608 (C:\Users\karth\OneDrive\Desktop\workspace\dbManager\target\classes started by karth in C:\Users\karth\OneDrive\Desktop\workspace\dbManager)
2024-06-30 20:39:58,331 DEBUG [restartedMain] DbManagerApplication: Running with Spring Boot v2.6.1, Spring v5.3.13
2024-06-30 20:39:58,332 INFO  [restartedMain] DbManagerApplication: No active profile set, falling back to default profiles: default
2024-06-30 20:39:58,831 DEBUG [RMI TCP Connection(2)-127.0.0.1] rmi: connectionId=rmi://127.0.0.1  1, name=org.springframework.boot:type=Admin,name=SpringApplication, attribute=Ready
2024-06-30 20:39:59,335 DEBUG [RMI TCP Connection(2)-127.0.0.1] rmi: connectionId=rmi://127.0.0.1  1, name=org.springframework.boot:type=Admin,name=SpringApplication, attribute=Ready
2024-06-30 20:39:59,394 DEBUG [restartedMain] security: X509Certificate: Alg:SHA384withRSA, Serial:59b1b579e8e2132e23907bda777755c, Subject:CN=DigiCert Trusted Root G4, OU=www.digicert.com, O=DigiCert Inc, C=US, Issuer:CN=DigiCert Trusted Root G4, OU=www.digicert.com, O=DigiCert Inc, C=US, Key type:RSA, Length:4096, Cert Id:1057369358, Valid from:01/08/13, 5:30 pm, Valid until:15/01/38, 5:30 pm
2024-06-30 20:39:59,396 DEBUG [restartedMain] security: X509Certificate: Alg:SHA384withRSA, Serial:8ad40b260d29c4c9f5ecda9bd93aed9, Subject:CN=DigiCert Trusted G4 Code Signing RSA4096 SHA384 2021 CA1, O="DigiCert, Inc.", C=US, Issuer:CN=DigiCert Trusted Root G4, OU=www.digicert.com, O=DigiCert Inc, C=US, Key type:RSA, Length:4096, Cert Id:-888920455, Valid from:29/04/21, 5:30 am, Valid until:29/04/36, 5:29 am
2024-06-30 20:39:59,397 DEBUG [restartedMain] security: X509Certificate: Alg:SHA256withRSA, Serial:df7a7c90906301ad2f0c24d3377187b, Subject:EMAILADDRESS=webmaster@eclipse.org, CN="Eclipse.org Foundation, Inc.", OU=IT, O="Eclipse.org Foundation, Inc.", L=Ottawa, ST=Ontario, C=CA, Issuer:CN=DigiCert Trusted G4 Code Signing RSA4096 SHA384 2021 CA1, O="DigiCert, Inc.", C=US, Key type:RSA, Length:4096, Cert Id:444017987, Valid from:02/05/22, 5:30 am, Valid until:22/05/24, 5:29 am
2024-06-30 20:39:59,398 DEBUG [restartedMain] security: X509Certificate: Alg:SHA256withRSA, Serial:7b05b1d449685144f7c989d29c199d12, Subject:CN=Symantec SHA256 TimeStamping CA, OU=Symantec Trust Network, O=Symantec Corporation, C=US, Issuer:CN=VeriSign Universal Root Certification Authority, OU="(c) 2008 VeriSign, Inc. - For authorized use only", OU=VeriSign Trust Network, O="VeriSign, Inc.", C=US, Key type:RSA, Length:2048, Cert Id:679469769, Valid from:12/01/16, 5:30 am, Valid until:12/01/31, 5:29 am
2024-06-30 20:39:59,400 DEBUG [restartedMain] security: X509Certificate: Alg:SHA256withRSA, Serial:7bd4e5afbacc073fa101230422414d12, Subject:CN=Symantec SHA256 TimeStamping Signer - G3, OU=Symantec Trust Network, O=Symantec Corporation, C=US, Issuer:CN=Symantec SHA256 TimeStamping CA, OU=Symantec Trust Network, O=Symantec Corporation, C=US, Key type:RSA, Length:2048, Cert Id:-1917605033, Valid from:23/12/17, 5:30 am, Valid until:23/03/29, 5:29 am
2024-06-30 20:39:59,876 DEBUG [restartedMain] Mappings: 
	c.m.d.r.DataMigration:
	{GET [/migration/hi]}: hi()
2024-06-30 20:39:59,877 DEBUG [RMI TCP Connection(2)-127.0.0.1] rmi: connectionId=rmi://127.0.0.1  1, name=org.springframework.boot:type=Admin,name=SpringApplication, attribute=Ready
2024-06-30 20:39:59,881 DEBUG [restartedMain] Mappings: 
	o.s.b.a.w.s.e.BasicErrorController:
	{ [/error]}: error(HttpServletRequest)
	{ [/error], produces [text/html]}: errorHtml(HttpServletRequest,HttpServletResponse)
2024-06-30 20:39:59,905 DEBUG [restartedMain] Mappings: 'beanNameHandlerMapping' {}
2024-06-30 20:39:59,923 DEBUG [restartedMain] Mappings: 'resourceHandlerMapping' {/webjars/**=ResourceHttpRequestHandler [classpath [META-INF/resources/webjars/]], /**=ResourceHttpRequestHandler [classpath [META-INF/resources/], classpath [resources/], classpath [static/], classpath [public/], ServletContext [/]]}
2024-06-30 20:40:00,083 INFO  [restartedMain] DbManagerApplication: Started DbManagerApplication in 2.351 seconds (JVM running for 3.323)
2024-06-30 20:40:00,381 DEBUG [RMI TCP Connection(2)-127.0.0.1] rmi: connectionId=rmi://127.0.0.1  1, name=org.springframework.boot:type=Admin,name=SpringApplication, attribute=Ready
2024-06-30 20:40:17,959 INFO  [http-nio-8888-exec-2] DataMigration: entered method
2024-06-30 20:40:20,452 INFO  [http-nio-8888-exec-2] MysqlOperations: entered getSourceListByQuery
2024-06-30 20:40:20,486 INFO  [http-nio-8888-exec-2] MysqlOperations: sourceQuery :: select * from pacs_details
2024-06-30 20:40:28,927 INFO  [http-nio-8888-exec-2] MysqlProperties: entered sourceConnection
2024-06-30 20:40:57,799 DEBUG [RMI TCP Connection(3)-127.0.0.1] rmi: connectionId=rmi://127.0.0.1  1
2024-06-30 20:41:57,810 DEBUG [RMI TCP Connection(4)-127.0.0.1] rmi: connectionId=rmi://127.0.0.1  1
2024-06-30 20:42:01,153 DEBUG [RMI TCP Connection(4)-127.0.0.1] rmi: connectionId=rmi://127.0.0.1  2 unwrapping params with MBean extended ClassLoader.
2024-06-30 20:42:01,157 DEBUG [RMI TCP Connection(4)-127.0.0.1] rmi: connectionId=rmi://127.0.0.1  2, name=org.springframework.boot:type=Admin,name=SpringApplication, operationName=shutdown, signature=null
2024-06-30 20:53:11,865 INFO  [restartedMain] DbManagerApplication: Starting DbManagerApplication using Java 17.0.11 on Karthik with PID 3988 (C:\Users\karth\OneDrive\Desktop\workspace\dbManager\target\classes started by karth in C:\Users\karth\OneDrive\Desktop\workspace\dbManager)
2024-06-30 20:53:11,866 DEBUG [restartedMain] DbManagerApplication: Running with Spring Boot v2.6.1, Spring v5.3.13
2024-06-30 20:53:11,867 INFO  [restartedMain] DbManagerApplication: No active profile set, falling back to default profiles: default
2024-06-30 20:53:12,129 DEBUG [RMI TCP Connection(2)-127.0.0.1] rmi: connectionId=rmi://127.0.0.1  1, name=org.springframework.boot:type=Admin,name=SpringApplication, attribute=Ready
2024-06-30 20:53:12,683 DEBUG [RMI TCP Connection(2)-127.0.0.1] rmi: connectionId=rmi://127.0.0.1  1, name=org.springframework.boot:type=Admin,name=SpringApplication, attribute=Ready
2024-06-30 20:53:13,237 DEBUG [RMI TCP Connection(2)-127.0.0.1] rmi: connectionId=rmi://127.0.0.1  1, name=org.springframework.boot:type=Admin,name=SpringApplication, attribute=Ready
2024-06-30 20:53:13,241 DEBUG [restartedMain] security: X509Certificate: Alg:SHA384withRSA, Serial:59b1b579e8e2132e23907bda777755c, Subject:CN=DigiCert Trusted Root G4, OU=www.digicert.com, O=DigiCert Inc, C=US, Issuer:CN=DigiCert Trusted Root G4, OU=www.digicert.com, O=DigiCert Inc, C=US, Key type:RSA, Length:4096, Cert Id:1057369358, Valid from:01/08/13, 5:30 pm, Valid until:15/01/38, 5:30 pm
2024-06-30 20:53:13,242 DEBUG [restartedMain] security: X509Certificate: Alg:SHA384withRSA, Serial:8ad40b260d29c4c9f5ecda9bd93aed9, Subject:CN=DigiCert Trusted G4 Code Signing RSA4096 SHA384 2021 CA1, O="DigiCert, Inc.", C=US, Issuer:CN=DigiCert Trusted Root G4, OU=www.digicert.com, O=DigiCert Inc, C=US, Key type:RSA, Length:4096, Cert Id:-888920455, Valid from:29/04/21, 5:30 am, Valid until:29/04/36, 5:29 am
2024-06-30 20:53:13,244 DEBUG [restartedMain] security: X509Certificate: Alg:SHA256withRSA, Serial:df7a7c90906301ad2f0c24d3377187b, Subject:EMAILADDRESS=webmaster@eclipse.org, CN="Eclipse.org Foundation, Inc.", OU=IT, O="Eclipse.org Foundation, Inc.", L=Ottawa, ST=Ontario, C=CA, Issuer:CN=DigiCert Trusted G4 Code Signing RSA4096 SHA384 2021 CA1, O="DigiCert, Inc.", C=US, Key type:RSA, Length:4096, Cert Id:444017987, Valid from:02/05/22, 5:30 am, Valid until:22/05/24, 5:29 am
2024-06-30 20:53:13,245 DEBUG [restartedMain] security: X509Certificate: Alg:SHA256withRSA, Serial:7b05b1d449685144f7c989d29c199d12, Subject:CN=Symantec SHA256 TimeStamping CA, OU=Symantec Trust Network, O=Symantec Corporation, C=US, Issuer:CN=VeriSign Universal Root Certification Authority, OU="(c) 2008 VeriSign, Inc. - For authorized use only", OU=VeriSign Trust Network, O="VeriSign, Inc.", C=US, Key type:RSA, Length:2048, Cert Id:679469769, Valid from:12/01/16, 5:30 am, Valid until:12/01/31, 5:29 am
2024-06-30 20:53:13,246 DEBUG [restartedMain] security: X509Certificate: Alg:SHA256withRSA, Serial:7bd4e5afbacc073fa101230422414d12, Subject:CN=Symantec SHA256 TimeStamping Signer - G3, OU=Symantec Trust Network, O=Symantec Corporation, C=US, Issuer:CN=Symantec SHA256 TimeStamping CA, OU=Symantec Trust Network, O=Symantec Corporation, C=US, Key type:RSA, Length:2048, Cert Id:-1917605033, Valid from:23/12/17, 5:30 am, Valid until:23/03/29, 5:29 am
2024-06-30 20:53:13,619 DEBUG [restartedMain] Mappings: 
	c.m.d.r.DataMigration:
	{GET [/migration/hi]}: hi()
2024-06-30 20:53:13,622 DEBUG [restartedMain] Mappings: 
	o.s.b.a.w.s.e.BasicErrorController:
	{ [/error]}: error(HttpServletRequest)
	{ [/error], produces [text/html]}: errorHtml(HttpServletRequest,HttpServletResponse)
2024-06-30 20:53:13,639 DEBUG [restartedMain] Mappings: 'beanNameHandlerMapping' {}
2024-06-30 20:53:13,653 DEBUG [restartedMain] Mappings: 'resourceHandlerMapping' {/webjars/**=ResourceHttpRequestHandler [classpath [META-INF/resources/webjars/]], /**=ResourceHttpRequestHandler [classpath [META-INF/resources/], classpath [resources/], classpath [static/], classpath [public/], ServletContext [/]]}
2024-06-30 20:53:13,741 DEBUG [RMI TCP Connection(2)-127.0.0.1] rmi: connectionId=rmi://127.0.0.1  1, name=org.springframework.boot:type=Admin,name=SpringApplication, attribute=Ready
2024-06-30 20:53:13,785 INFO  [restartedMain] DbManagerApplication: Started DbManagerApplication in 2.465 seconds (JVM running for 3.594)
2024-06-30 20:53:14,246 DEBUG [RMI TCP Connection(2)-127.0.0.1] rmi: connectionId=rmi://127.0.0.1  1, name=org.springframework.boot:type=Admin,name=SpringApplication, attribute=Ready
2024-06-30 20:53:17,932 INFO  [http-nio-8888-exec-2] DataMigration: entered method
2024-06-30 20:53:23,225 INFO  [http-nio-8888-exec-2] MysqlOperations: entered getSourceListByQuery
2024-06-30 20:53:23,227 INFO  [http-nio-8888-exec-2] MysqlOperations: sourceQuery :: select * from pacs_details
2024-06-30 20:53:24,170 INFO  [http-nio-8888-exec-2] MysqlProperties: entered sourceConnection
2024-06-30 20:53:25,434 INFO  [http-nio-8888-exec-2] MysqlOperations: CSV file created successfully: ./myfile.csv
2024-06-30 20:53:45,559 DEBUG [RMI TCP Connection(4)-127.0.0.1] rmi: connectionId=rmi://127.0.0.1  2 unwrapping params with MBean extended ClassLoader.
2024-06-30 20:53:45,565 DEBUG [RMI TCP Connection(4)-127.0.0.1] rmi: connectionId=rmi://127.0.0.1  2, name=org.springframework.boot:type=Admin,name=SpringApplication, operationName=shutdown, signature=null
2024-06-30 22:42:53,170 INFO  [restartedMain] DbManagerApplication: Starting DbManagerApplication using Java 17.0.11 on Karthik with PID 2772 (C:\Users\karth\OneDrive\Desktop\workspace\dbManager\target\classes started by karth in C:\Users\karth\OneDrive\Desktop\workspace\dbManager)
2024-06-30 22:42:53,172 DEBUG [restartedMain] DbManagerApplication: Running with Spring Boot v2.6.1, Spring v5.3.13
2024-06-30 22:42:53,172 INFO  [restartedMain] DbManagerApplication: No active profile set, falling back to default profiles: default
2024-06-30 22:42:53,299 DEBUG [RMI TCP Connection(2)-127.0.0.1] rmi: connectionId=rmi://127.0.0.1  1, name=org.springframework.boot:type=Admin,name=SpringApplication, attribute=Ready
2024-06-30 22:42:53,853 DEBUG [RMI TCP Connection(2)-127.0.0.1] rmi: connectionId=rmi://127.0.0.1  1, name=org.springframework.boot:type=Admin,name=SpringApplication, attribute=Ready
2024-06-30 22:42:54,208 DEBUG [restartedMain] security: X509Certificate: Alg:SHA384withRSA, Serial:59b1b579e8e2132e23907bda777755c, Subject:CN=DigiCert Trusted Root G4, OU=www.digicert.com, O=DigiCert Inc, C=US, Issuer:CN=DigiCert Trusted Root G4, OU=www.digicert.com, O=DigiCert Inc, C=US, Key type:RSA, Length:4096, Cert Id:1057369358, Valid from:01/08/13, 5:30 pm, Valid until:15/01/38, 5:30 pm
2024-06-30 22:42:54,209 DEBUG [restartedMain] security: X509Certificate: Alg:SHA384withRSA, Serial:8ad40b260d29c4c9f5ecda9bd93aed9, Subject:CN=DigiCert Trusted G4 Code Signing RSA4096 SHA384 2021 CA1, O="DigiCert, Inc.", C=US, Issuer:CN=DigiCert Trusted Root G4, OU=www.digicert.com, O=DigiCert Inc, C=US, Key type:RSA, Length:4096, Cert Id:-888920455, Valid from:29/04/21, 5:30 am, Valid until:29/04/36, 5:29 am
2024-06-30 22:42:54,210 DEBUG [restartedMain] security: X509Certificate: Alg:SHA256withRSA, Serial:df7a7c90906301ad2f0c24d3377187b, Subject:EMAILADDRESS=webmaster@eclipse.org, CN="Eclipse.org Foundation, Inc.", OU=IT, O="Eclipse.org Foundation, Inc.", L=Ottawa, ST=Ontario, C=CA, Issuer:CN=DigiCert Trusted G4 Code Signing RSA4096 SHA384 2021 CA1, O="DigiCert, Inc.", C=US, Key type:RSA, Length:4096, Cert Id:444017987, Valid from:02/05/22, 5:30 am, Valid until:22/05/24, 5:29 am
2024-06-30 22:42:54,211 DEBUG [restartedMain] security: X509Certificate: Alg:SHA256withRSA, Serial:7b05b1d449685144f7c989d29c199d12, Subject:CN=Symantec SHA256 TimeStamping CA, OU=Symantec Trust Network, O=Symantec Corporation, C=US, Issuer:CN=VeriSign Universal Root Certification Authority, OU="(c) 2008 VeriSign, Inc. - For authorized use only", OU=VeriSign Trust Network, O="VeriSign, Inc.", C=US, Key type:RSA, Length:2048, Cert Id:679469769, Valid from:12/01/16, 5:30 am, Valid until:12/01/31, 5:29 am
2024-06-30 22:42:54,212 DEBUG [restartedMain] security: X509Certificate: Alg:SHA256withRSA, Serial:7bd4e5afbacc073fa101230422414d12, Subject:CN=Symantec SHA256 TimeStamping Signer - G3, OU=Symantec Trust Network, O=Symantec Corporation, C=US, Issuer:CN=Symantec SHA256 TimeStamping CA, OU=Symantec Trust Network, O=Symantec Corporation, C=US, Key type:RSA, Length:2048, Cert Id:-1917605033, Valid from:23/12/17, 5:30 am, Valid until:23/03/29, 5:29 am
2024-06-30 22:42:54,359 DEBUG [RMI TCP Connection(2)-127.0.0.1] rmi: connectionId=rmi://127.0.0.1  1, name=org.springframework.boot:type=Admin,name=SpringApplication, attribute=Ready
2024-06-30 22:42:54,567 DEBUG [restartedMain] Mappings: 
	c.m.d.r.DataMigration:
	{GET [/migration/hi]}: hi()
2024-06-30 22:42:54,571 DEBUG [restartedMain] Mappings: 
	o.s.b.a.w.s.e.BasicErrorController:
	{ [/error]}: error(HttpServletRequest)
	{ [/error], produces [text/html]}: errorHtml(HttpServletRequest,HttpServletResponse)
2024-06-30 22:42:54,587 DEBUG [restartedMain] Mappings: 'beanNameHandlerMapping' {}
2024-06-30 22:42:54,600 DEBUG [restartedMain] Mappings: 'resourceHandlerMapping' {/webjars/**=ResourceHttpRequestHandler [classpath [META-INF/resources/webjars/]], /**=ResourceHttpRequestHandler [classpath [META-INF/resources/], classpath [resources/], classpath [static/], classpath [public/], ServletContext [/]]}
2024-06-30 22:42:54,729 INFO  [restartedMain] DbManagerApplication: Started DbManagerApplication in 2.078 seconds (JVM running for 2.995)
2024-06-30 22:42:54,981 DEBUG [RMI TCP Connection(2)-127.0.0.1] rmi: connectionId=rmi://127.0.0.1  1, name=org.springframework.boot:type=Admin,name=SpringApplication, attribute=Ready
2024-06-30 22:43:48,756 INFO  [http-nio-8888-exec-2] DataMigration: entered method
2024-06-30 22:43:52,785 DEBUG [RMI TCP Connection(3)-127.0.0.1] rmi: connectionId=rmi://127.0.0.1  1
2024-06-30 22:43:53,133 INFO  [http-nio-8888-exec-2] MysqlOperations: entered getSourceListByQuery
2024-06-30 22:43:53,143 INFO  [http-nio-8888-exec-2] MysqlOperations: sourceQuery :: select * from pacs_details
2024-06-30 22:44:01,898 INFO  [http-nio-8888-exec-2] MysqlProperties: entered sourceConnection
2024-06-30 22:44:09,145 INFO  [http-nio-8888-exec-2] MysqlOperations: entering exportToCsv
2024-06-30 22:44:23,192 INFO  [http-nio-8888-exec-2] MysqlOperations: CSV file created successfully: ./myfile.csv
2024-06-30 22:44:52,799 DEBUG [RMI TCP Connection(4)-127.0.0.1] rmi: connectionId=rmi://127.0.0.1  1
2024-06-30 22:45:52,812 DEBUG [RMI TCP Connection(5)-127.0.0.1] rmi: connectionId=rmi://127.0.0.1  1
2024-06-30 22:46:31,513 DEBUG [RMI TCP Connection(7)-127.0.0.1] rmi: connectionId=rmi://127.0.0.1  2 unwrapping params with MBean extended ClassLoader.
2024-06-30 22:46:31,534 DEBUG [RMI TCP Connection(7)-127.0.0.1] rmi: connectionId=rmi://127.0.0.1  2, name=org.springframework.boot:type=Admin,name=SpringApplication, operationName=shutdown, signature=null
2024-06-30 23:07:44,146 INFO  [restartedMain] DbManagerApplication: Starting DbManagerApplication using Java 17.0.11 on Karthik with PID 18556 (C:\Users\karth\OneDrive\Desktop\workspace\dbManager\target\classes started by karth in C:\Users\karth\OneDrive\Desktop\workspace\dbManager)
2024-06-30 23:07:44,147 DEBUG [restartedMain] DbManagerApplication: Running with Spring Boot v2.6.1, Spring v5.3.13
2024-06-30 23:07:44,148 INFO  [restartedMain] DbManagerApplication: No active profile set, falling back to default profiles: default
2024-06-30 23:07:44,334 DEBUG [RMI TCP Connection(2)-127.0.0.1] rmi: connectionId=rmi://127.0.0.1  1, name=org.springframework.boot:type=Admin,name=SpringApplication, attribute=Ready
2024-06-30 23:07:44,839 DEBUG [RMI TCP Connection(2)-127.0.0.1] rmi: connectionId=rmi://127.0.0.1  1, name=org.springframework.boot:type=Admin,name=SpringApplication, attribute=Ready
2024-06-30 23:07:45,342 DEBUG [RMI TCP Connection(2)-127.0.0.1] rmi: connectionId=rmi://127.0.0.1  1, name=org.springframework.boot:type=Admin,name=SpringApplication, attribute=Ready
2024-06-30 23:07:45,353 DEBUG [restartedMain] security: X509Certificate: Alg:SHA384withRSA, Serial:59b1b579e8e2132e23907bda777755c, Subject:CN=DigiCert Trusted Root G4, OU=www.digicert.com, O=DigiCert Inc, C=US, Issuer:CN=DigiCert Trusted Root G4, OU=www.digicert.com, O=DigiCert Inc, C=US, Key type:RSA, Length:4096, Cert Id:1057369358, Valid from:01/08/13, 5:30 pm, Valid until:15/01/38, 5:30 pm
2024-06-30 23:07:45,354 DEBUG [restartedMain] security: X509Certificate: Alg:SHA384withRSA, Serial:8ad40b260d29c4c9f5ecda9bd93aed9, Subject:CN=DigiCert Trusted G4 Code Signing RSA4096 SHA384 2021 CA1, O="DigiCert, Inc.", C=US, Issuer:CN=DigiCert Trusted Root G4, OU=www.digicert.com, O=DigiCert Inc, C=US, Key type:RSA, Length:4096, Cert Id:-888920455, Valid from:29/04/21, 5:30 am, Valid until:29/04/36, 5:29 am
2024-06-30 23:07:45,356 DEBUG [restartedMain] security: X509Certificate: Alg:SHA256withRSA, Serial:df7a7c90906301ad2f0c24d3377187b, Subject:EMAILADDRESS=webmaster@eclipse.org, CN="Eclipse.org Foundation, Inc.", OU=IT, O="Eclipse.org Foundation, Inc.", L=Ottawa, ST=Ontario, C=CA, Issuer:CN=DigiCert Trusted G4 Code Signing RSA4096 SHA384 2021 CA1, O="DigiCert, Inc.", C=US, Key type:RSA, Length:4096, Cert Id:444017987, Valid from:02/05/22, 5:30 am, Valid until:22/05/24, 5:29 am
2024-06-30 23:07:45,358 DEBUG [restartedMain] security: X509Certificate: Alg:SHA256withRSA, Serial:7b05b1d449685144f7c989d29c199d12, Subject:CN=Symantec SHA256 TimeStamping CA, OU=Symantec Trust Network, O=Symantec Corporation, C=US, Issuer:CN=VeriSign Universal Root Certification Authority, OU="(c) 2008 VeriSign, Inc. - For authorized use only", OU=VeriSign Trust Network, O="VeriSign, Inc.", C=US, Key type:RSA, Length:2048, Cert Id:679469769, Valid from:12/01/16, 5:30 am, Valid until:12/01/31, 5:29 am
2024-06-30 23:07:45,359 DEBUG [restartedMain] security: X509Certificate: Alg:SHA256withRSA, Serial:7bd4e5afbacc073fa101230422414d12, Subject:CN=Symantec SHA256 TimeStamping Signer - G3, OU=Symantec Trust Network, O=Symantec Corporation, C=US, Issuer:CN=Symantec SHA256 TimeStamping CA, OU=Symantec Trust Network, O=Symantec Corporation, C=US, Key type:RSA, Length:2048, Cert Id:-1917605033, Valid from:23/12/17, 5:30 am, Valid until:23/03/29, 5:29 am
2024-06-30 23:07:45,706 DEBUG [restartedMain] Mappings: 
	c.m.d.r.DataMigration:
	{GET [/migration/hi]}: hi()
2024-06-30 23:07:45,710 DEBUG [restartedMain] Mappings: 
	o.s.b.a.w.s.e.BasicErrorController:
	{ [/error]}: error(HttpServletRequest)
	{ [/error], produces [text/html]}: errorHtml(HttpServletRequest,HttpServletResponse)
2024-06-30 23:07:45,727 DEBUG [restartedMain] Mappings: 'beanNameHandlerMapping' {}
2024-06-30 23:07:45,740 DEBUG [restartedMain] Mappings: 'resourceHandlerMapping' {/webjars/**=ResourceHttpRequestHandler [classpath [META-INF/resources/webjars/]], /**=ResourceHttpRequestHandler [classpath [META-INF/resources/], classpath [resources/], classpath [static/], classpath [public/], ServletContext [/]]}
2024-06-30 23:07:45,845 DEBUG [RMI TCP Connection(2)-127.0.0.1] rmi: connectionId=rmi://127.0.0.1  1, name=org.springframework.boot:type=Admin,name=SpringApplication, attribute=Ready
2024-06-30 23:07:45,875 INFO  [restartedMain] DbManagerApplication: Started DbManagerApplication in 2.478 seconds (JVM running for 3.678)
2024-06-30 23:07:46,401 DEBUG [RMI TCP Connection(2)-127.0.0.1] rmi: connectionId=rmi://127.0.0.1  1, name=org.springframework.boot:type=Admin,name=SpringApplication, attribute=Ready
2024-06-30 23:07:51,956 INFO  [http-nio-8888-exec-2] DataMigration: entered method
2024-06-30 23:07:51,958 INFO  [http-nio-8888-exec-2] MysqlOperations: entering exportToCsv
2024-06-30 23:07:51,959 INFO  [http-nio-8888-exec-2] MysqlOperations: entered getSourceListByQuery
2024-06-30 23:07:51,960 INFO  [http-nio-8888-exec-2] MysqlOperations: sourceQuery :: select * from pacs_details
2024-06-30 23:07:52,737 INFO  [http-nio-8888-exec-2] MysqlProperties: entered sourceConnection
2024-06-30 23:07:54,683 INFO  [http-nio-8888-exec-2] MysqlOperations: CSV file created successfully: ./myfile.csv
2024-06-30 23:08:43,323 DEBUG [RMI TCP Connection(3)-127.0.0.1] rmi: connectionId=rmi://127.0.0.1  1
2024-06-30 23:09:06,471 DEBUG [RMI TCP Connection(5)-127.0.0.1] rmi: connectionId=rmi://127.0.0.1  2 unwrapping params with MBean extended ClassLoader.
2024-06-30 23:09:06,484 DEBUG [RMI TCP Connection(5)-127.0.0.1] rmi: connectionId=rmi://127.0.0.1  2, name=org.springframework.boot:type=Admin,name=SpringApplication, operationName=shutdown, signature=null
2024-06-30 23:21:01,585 INFO  [restartedMain] DbManagerApplication: Starting DbManagerApplication using Java 17.0.11 on Karthik with PID 15964 (C:\Users\karth\OneDrive\Desktop\workspace\dbManager\target\classes started by karth in C:\Users\karth\OneDrive\Desktop\workspace\dbManager)
2024-06-30 23:21:01,586 DEBUG [restartedMain] DbManagerApplication: Running with Spring Boot v2.6.1, Spring v5.3.13
2024-06-30 23:21:01,587 INFO  [restartedMain] DbManagerApplication: No active profile set, falling back to default profiles: default
2024-06-30 23:21:01,798 DEBUG [RMI TCP Connection(2)-127.0.0.1] rmi: connectionId=rmi://127.0.0.1  1, name=org.springframework.boot:type=Admin,name=SpringApplication, attribute=Ready
2024-06-30 23:21:02,303 DEBUG [RMI TCP Connection(2)-127.0.0.1] rmi: connectionId=rmi://127.0.0.1  1, name=org.springframework.boot:type=Admin,name=SpringApplication, attribute=Ready
2024-06-30 23:21:02,777 DEBUG [restartedMain] security: X509Certificate: Alg:SHA384withRSA, Serial:59b1b579e8e2132e23907bda777755c, Subject:CN=DigiCert Trusted Root G4, OU=www.digicert.com, O=DigiCert Inc, C=US, Issuer:CN=DigiCert Trusted Root G4, OU=www.digicert.com, O=DigiCert Inc, C=US, Key type:RSA, Length:4096, Cert Id:1057369358, Valid from:01/08/13, 5:30 pm, Valid until:15/01/38, 5:30 pm
2024-06-30 23:21:02,778 DEBUG [restartedMain] security: X509Certificate: Alg:SHA384withRSA, Serial:8ad40b260d29c4c9f5ecda9bd93aed9, Subject:CN=DigiCert Trusted G4 Code Signing RSA4096 SHA384 2021 CA1, O="DigiCert, Inc.", C=US, Issuer:CN=DigiCert Trusted Root G4, OU=www.digicert.com, O=DigiCert Inc, C=US, Key type:RSA, Length:4096, Cert Id:-888920455, Valid from:29/04/21, 5:30 am, Valid until:29/04/36, 5:29 am
2024-06-30 23:21:02,779 DEBUG [restartedMain] security: X509Certificate: Alg:SHA256withRSA, Serial:df7a7c90906301ad2f0c24d3377187b, Subject:EMAILADDRESS=webmaster@eclipse.org, CN="Eclipse.org Foundation, Inc.", OU=IT, O="Eclipse.org Foundation, Inc.", L=Ottawa, ST=Ontario, C=CA, Issuer:CN=DigiCert Trusted G4 Code Signing RSA4096 SHA384 2021 CA1, O="DigiCert, Inc.", C=US, Key type:RSA, Length:4096, Cert Id:444017987, Valid from:02/05/22, 5:30 am, Valid until:22/05/24, 5:29 am
2024-06-30 23:21:02,780 DEBUG [restartedMain] security: X509Certificate: Alg:SHA256withRSA, Serial:7b05b1d449685144f7c989d29c199d12, Subject:CN=Symantec SHA256 TimeStamping CA, OU=Symantec Trust Network, O=Symantec Corporation, C=US, Issuer:CN=VeriSign Universal Root Certification Authority, OU="(c) 2008 VeriSign, Inc. - For authorized use only", OU=VeriSign Trust Network, O="VeriSign, Inc.", C=US, Key type:RSA, Length:2048, Cert Id:679469769, Valid from:12/01/16, 5:30 am, Valid until:12/01/31, 5:29 am
2024-06-30 23:21:02,781 DEBUG [restartedMain] security: X509Certificate: Alg:SHA256withRSA, Serial:7bd4e5afbacc073fa101230422414d12, Subject:CN=Symantec SHA256 TimeStamping Signer - G3, OU=Symantec Trust Network, O=Symantec Corporation, C=US, Issuer:CN=Symantec SHA256 TimeStamping CA, OU=Symantec Trust Network, O=Symantec Corporation, C=US, Key type:RSA, Length:2048, Cert Id:-1917605033, Valid from:23/12/17, 5:30 am, Valid until:23/03/29, 5:29 am
2024-06-30 23:21:02,807 DEBUG [RMI TCP Connection(2)-127.0.0.1] rmi: connectionId=rmi://127.0.0.1  1, name=org.springframework.boot:type=Admin,name=SpringApplication, attribute=Ready
2024-06-30 23:21:03,124 DEBUG [restartedMain] Mappings: 
	c.m.d.r.DataMigration:
	{GET [/migration/hi]}: hi()
2024-06-30 23:21:03,128 DEBUG [restartedMain] Mappings: 
	o.s.b.a.w.s.e.BasicErrorController:
	{ [/error]}: error(HttpServletRequest)
	{ [/error], produces [text/html]}: errorHtml(HttpServletRequest,HttpServletResponse)
2024-06-30 23:21:03,145 DEBUG [restartedMain] Mappings: 'beanNameHandlerMapping' {}
2024-06-30 23:21:03,158 DEBUG [restartedMain] Mappings: 'resourceHandlerMapping' {/webjars/**=ResourceHttpRequestHandler [classpath [META-INF/resources/webjars/]], /**=ResourceHttpRequestHandler [classpath [META-INF/resources/], classpath [resources/], classpath [static/], classpath [public/], ServletContext [/]]}
2024-06-30 23:21:03,297 INFO  [restartedMain] DbManagerApplication: Started DbManagerApplication in 2.533 seconds (JVM running for 3.587)
2024-06-30 23:21:03,322 DEBUG [RMI TCP Connection(2)-127.0.0.1] rmi: connectionId=rmi://127.0.0.1  1, name=org.springframework.boot:type=Admin,name=SpringApplication, attribute=Ready
2024-06-30 23:21:20,543 INFO  [http-nio-8888-exec-2] DataMigration: entered method
2024-06-30 23:21:20,544 INFO  [http-nio-8888-exec-2] MysqlOperations: entering exportSourceListToCsv
2024-06-30 23:21:20,544 INFO  [http-nio-8888-exec-2] MysqlOperations: entered getSourceListByQuery
2024-06-30 23:21:20,544 INFO  [http-nio-8888-exec-2] MysqlOperations: sourceQuery :: select * from analyzer
2024-06-30 23:21:21,150 INFO  [http-nio-8888-exec-2] MysqlProperties: entered sourceConnection
2024-06-30 23:21:21,338 DEBUG [http-nio-8888-exec-2] MysqlOperations: The data is empty for file: ./myfile.csv
2024-06-30 23:21:37,888 INFO  [http-nio-8888-exec-4] DataMigration: entered method
2024-06-30 23:21:37,889 INFO  [http-nio-8888-exec-4] MysqlOperations: entering exportSourceListToCsv
2024-06-30 23:21:37,889 INFO  [http-nio-8888-exec-4] MysqlOperations: entered getSourceListByQuery
2024-06-30 23:21:37,889 INFO  [http-nio-8888-exec-4] MysqlOperations: sourceQuery :: select * from analyzer
2024-06-30 23:21:37,889 INFO  [http-nio-8888-exec-4] MysqlProperties: entered sourceConnection
2024-06-30 23:21:37,922 DEBUG [http-nio-8888-exec-4] MysqlOperations: The data is empty for file: ./myfile.csv
2024-06-30 23:22:00,790 DEBUG [RMI TCP Connection(3)-127.0.0.1] rmi: connectionId=rmi://127.0.0.1  1
2024-06-30 23:22:03,852 DEBUG [RMI TCP Connection(3)-127.0.0.1] rmi: connectionId=rmi://127.0.0.1  2 unwrapping params with MBean extended ClassLoader.
2024-06-30 23:22:03,865 DEBUG [RMI TCP Connection(3)-127.0.0.1] rmi: connectionId=rmi://127.0.0.1  2, name=org.springframework.boot:type=Admin,name=SpringApplication, operationName=shutdown, signature=null
